SF:lib/manager/details/widgets/empty_expense_state.dart
DA:9,3
DA:11,3
DA:13,6
DA:14,6
DA:15,3
DA:17,3
DA:18,3
DA:19,3
DA:20,6
DA:21,3
DA:25,3
DA:26,3
DA:33,3
DA:56,3
DA:61,0
DA:62,0
DA:65,0
DA:72,3
DA:73,3
DA:74,6
DA:76,3
DA:81,3
DA:82,3
DA:83,6
DA:84,6
DA:90,3
DA:91,3
DA:93,6
DA:94,3
DA:99,6
DA:104,6
DA:107,3
DA:109,3
DA:110,3
DA:111,3
DA:112,3
DA:114,3
DA:116,3
LF:38
LH:35
end_of_record
SF:lib/l10n/app_localizations.dart
DA:68,10
DA:69,20
DA:73,10
DA:74,10
DA:3140,1
DA:3142,10
DA:3144,20
DA:3147,10
DA:3149,30
DA:3151,1
DA:3155,10
DA:3157,10
DA:3158,10
DA:3159,9
DA:3160,6
DA:3161,2
DA:3162,6
DA:3163,6
DA:3164,0
DA:3165,0
DA:3166,0
DA:3167,0
DA:3170,0
LF:23
LH:18
end_of_record
SF:lib/l10n/app_localizations_en.dart
DA:9,18
DA:11,0
DA:14,0
DA:17,0
DA:20,0
DA:23,0
DA:26,0
DA:29,0
DA:32,1
DA:35,0
DA:38,1
DA:41,0
DA:45,0
DA:48,0
DA:51,0
DA:54,0
DA:57,0
DA:60,0
DA:63,0
DA:66,0
DA:69,1
DA:72,0
DA:75,0
DA:78,0
DA:81,0
DA:84,0
DA:87,0
DA:90,0
DA:93,0
DA:96,0
DA:99,0
DA:103,0
DA:106,1
DA:109,0
DA:112,0
DA:115,0
DA:118,0
DA:121,0
DA:124,0
DA:127,0
DA:130,0
DA:133,0
DA:136,0
DA:139,0
DA:142,0
DA:145,0
DA:148,0
DA:151,0
DA:154,0
DA:157,0
DA:161,0
DA:165,0
DA:168,0
DA:171,0
DA:174,0
DA:177,0
DA:180,1
DA:183,1
DA:186,0
DA:189,0
DA:192,0
DA:195,0
DA:198,0
DA:201,0
DA:204,0
DA:207,0
DA:210,0
DA:213,0
DA:216,0
DA:219,0
DA:222,0
DA:225,0
DA:228,0
DA:231,0
DA:234,0
DA:237,1
DA:239,1
DA:241,1
DA:242,1
DA:243,1
DA:245,1
DA:248,1
DA:251,0
DA:254,0
DA:257,0
DA:260,0
DA:263,0
DA:266,0
DA:269,0
DA:272,0
DA:275,0
DA:278,0
DA:281,0
DA:284,0
DA:287,0
DA:290,0
DA:293,0
DA:296,0
DA:299,0
DA:302,0
DA:305,0
DA:308,0
DA:311,0
DA:314,0
DA:318,1
DA:321,0
DA:324,0
DA:326,0
DA:329,0
DA:332,0
DA:335,0
DA:338,0
DA:341,0
DA:344,0
DA:347,0
DA:350,0
DA:353,1
DA:356,0
DA:359,0
DA:362,0
DA:365,0
DA:369,0
DA:373,0
DA:376,0
DA:379,0
DA:382,1
DA:385,0
DA:388,0
DA:391,0
DA:394,0
DA:397,0
DA:400,0
DA:403,0
DA:406,0
DA:409,0
DA:412,0
DA:414,0
DA:417,0
DA:420,0
DA:423,0
DA:426,0
DA:429,0
DA:432,1
DA:435,0
DA:438,0
DA:441,0
DA:444,0
DA:447,0
DA:450,0
DA:453,0
DA:456,0
DA:459,0
DA:462,0
DA:464,0
DA:467,0
DA:469,0
DA:472,0
DA:475,1
DA:478,0
DA:481,0
DA:484,0
DA:487,0
DA:490,0
DA:493,0
DA:496,0
DA:499,0
DA:502,0
DA:505,0
DA:508,0
DA:511,0
DA:514,0
DA:517,0
DA:520,0
DA:523,0
DA:526,0
DA:529,0
DA:532,0
DA:535,0
DA:538,0
DA:541,0
DA:544,0
DA:547,0
DA:550,0
DA:553,0
DA:557,0
DA:560,0
DA:563,0
DA:566,0
DA:569,0
DA:572,0
DA:575,0
DA:578,0
DA:581,0
DA:584,0
DA:587,0
DA:590,0
DA:593,0
DA:596,0
DA:600,0
DA:603,0
DA:606,0
DA:609,0
DA:612,0
DA:615,0
DA:618,0
DA:621,0
DA:624,0
DA:627,0
DA:630,0
DA:633,0
DA:636,0
DA:639,0
DA:642,0
DA:645,0
DA:648,0
DA:650,0
DA:653,0
DA:656,0
DA:659,0
DA:662,0
DA:664,0
DA:667,0
DA:670,0
DA:673,0
DA:676,0
DA:679,0
DA:682,0
DA:685,0
DA:688,0
DA:691,0
DA:694,0
DA:697,0
DA:700,0
DA:703,0
DA:706,0
DA:709,0
DA:712,0
DA:715,0
DA:718,0
DA:721,0
DA:724,0
DA:727,0
DA:730,0
DA:733,0
DA:736,0
DA:739,0
DA:742,0
DA:745,0
DA:748,0
DA:751,0
DA:754,0
DA:757,0
DA:760,0
DA:763,0
DA:766,0
DA:769,0
DA:772,0
DA:775,0
DA:778,0
DA:781,0
DA:784,0
DA:787,0
DA:790,0
DA:793,0
DA:796,0
DA:799,0
DA:802,0
DA:805,0
DA:808,0
DA:811,0
DA:814,0
DA:817,0
DA:820,0
DA:823,0
DA:826,0
DA:829,0
DA:832,0
DA:835,0
DA:838,0
DA:841,0
DA:844,0
DA:847,0
DA:850,0
DA:853,0
DA:856,0
DA:859,0
DA:862,0
DA:866,0
DA:869,0
DA:872,0
DA:876,0
DA:879,0
DA:882,0
DA:885,2
DA:888,1
DA:891,1
DA:894,0
DA:897,1
DA:900,1
DA:903,0
DA:907,0
DA:910,0
DA:913,0
DA:916,0
DA:918,0
DA:921,0
DA:924,0
DA:927,0
DA:930,0
DA:933,0
DA:936,0
DA:939,0
DA:942,0
DA:946,0
DA:950,0
DA:953,1
DA:956,0
DA:959,1
DA:962,1
DA:965,1
DA:968,1
DA:971,1
DA:974,1
DA:977,1
DA:980,2
DA:982,2
DA:985,2
DA:988,1
DA:990,1
DA:993,1
DA:996,1
DA:999,0
DA:1003,0
DA:1006,0
DA:1009,0
DA:1013,0
DA:1017,2
DA:1020,1
DA:1023,1
DA:1026,0
DA:1029,0
DA:1033,0
DA:1036,0
DA:1039,0
DA:1042,0
DA:1045,0
DA:1048,0
DA:1051,0
DA:1054,0
DA:1057,0
DA:1060,0
DA:1063,0
DA:1066,0
DA:1069,0
DA:1072,0
DA:1075,0
DA:1078,0
DA:1081,0
DA:1084,0
DA:1087,0
DA:1090,0
DA:1093,0
DA:1096,0
DA:1099,0
DA:1102,0
DA:1105,0
DA:1108,0
DA:1111,0
DA:1114,0
DA:1117,0
DA:1120,0
DA:1123,0
DA:1126,0
DA:1129,0
DA:1132,0
DA:1135,0
DA:1138,0
DA:1141,0
DA:1144,0
DA:1147,0
DA:1150,0
DA:1153,0
DA:1156,0
DA:1159,0
DA:1162,0
DA:1165,0
DA:1168,0
DA:1171,0
DA:1174,0
DA:1177,0
DA:1180,0
DA:1183,0
DA:1186,0
DA:1189,0
DA:1192,0
DA:1195,0
DA:1198,0
DA:1201,0
DA:1204,0
DA:1207,0
DA:1210,0
DA:1213,0
DA:1216,0
DA:1219,0
DA:1222,0
DA:1225,0
DA:1228,0
DA:1231,0
DA:1234,0
DA:1237,0
DA:1240,0
DA:1243,0
DA:1246,0
DA:1249,0
DA:1252,0
DA:1255,0
DA:1258,0
DA:1261,0
DA:1264,0
DA:1267,0
DA:1270,0
DA:1273,0
DA:1276,0
DA:1279,0
DA:1282,0
DA:1285,0
DA:1288,0
DA:1291,0
DA:1294,0
DA:1297,0
DA:1300,0
DA:1303,0
DA:1306,0
DA:1309,0
DA:1312,0
DA:1315,0
DA:1318,0
DA:1321,0
DA:1324,0
DA:1327,0
DA:1330,0
DA:1333,0
DA:1336,0
DA:1339,0
DA:1342,0
DA:1345,0
DA:1348,0
DA:1351,0
DA:1354,0
DA:1357,0
DA:1360,0
DA:1363,0
DA:1366,0
DA:1369,0
DA:1372,0
DA:1375,0
DA:1378,0
DA:1381,0
DA:1384,0
DA:1387,0
DA:1390,0
DA:1393,0
DA:1396,0
DA:1399,0
DA:1402,0
DA:1405,0
DA:1408,0
DA:1411,0
DA:1414,0
DA:1417,0
DA:1420,0
DA:1423,0
DA:1426,0
DA:1429,0
DA:1432,0
DA:1435,0
DA:1438,0
DA:1441,0
DA:1444,0
DA:1447,0
DA:1450,0
DA:1453,0
DA:1456,0
DA:1459,0
DA:1462,0
DA:1465,0
DA:1468,0
DA:1471,0
DA:1474,0
DA:1477,0
DA:1480,0
DA:1483,0
DA:1486,0
DA:1489,0
DA:1492,0
DA:1495,0
DA:1498,0
DA:1501,0
DA:1504,0
DA:1507,0
DA:1510,0
DA:1513,0
DA:1516,0
DA:1519,0
DA:1522,0
DA:1525,0
DA:1528,0
DA:1531,0
DA:1534,0
DA:1538,0
DA:1541,3
DA:1544,3
DA:1548,3
DA:1551,0
DA:1554,0
DA:1557,0
DA:1560,0
DA:1563,0
DA:1566,0
DA:1569,0
LF:520
LH:45
end_of_record
SF:lib/l10n/app_localizations_es.dart
DA:9,4
DA:11,0
DA:14,0
DA:17,0
DA:20,0
DA:23,0
DA:26,0
DA:29,0
DA:32,0
DA:35,0
DA:38,0
DA:41,0
DA:45,0
DA:48,0
DA:51,0
DA:54,0
DA:57,0
DA:60,0
DA:63,0
DA:66,0
DA:69,0
DA:72,0
DA:75,0
DA:78,0
DA:81,0
DA:84,0
DA:87,0
DA:90,0
DA:93,0
DA:96,0
DA:99,0
DA:103,0
DA:106,0
DA:109,0
DA:112,0
DA:115,0
DA:118,0
DA:121,0
DA:124,0
DA:127,0
DA:130,0
DA:133,0
DA:136,0
DA:139,0
DA:142,0
DA:145,0
DA:148,0
DA:151,0
DA:154,0
DA:157,0
DA:161,0
DA:165,0
DA:168,0
DA:171,0
DA:174,0
DA:177,0
DA:180,0
DA:183,0
DA:186,0
DA:189,0
DA:192,0
DA:195,0
DA:198,0
DA:201,0
DA:204,0
DA:207,0
DA:210,0
DA:213,0
DA:216,0
DA:219,0
DA:222,0
DA:225,0
DA:228,0
DA:231,0
DA:234,0
DA:237,0
DA:239,0
DA:241,0
DA:242,0
DA:243,0
DA:245,0
DA:248,0
DA:251,0
DA:254,0
DA:257,0
DA:260,0
DA:263,0
DA:266,0
DA:269,0
DA:272,0
DA:275,0
DA:278,0
DA:281,0
DA:284,0
DA:287,0
DA:290,0
DA:293,0
DA:296,0
DA:299,0
DA:302,0
DA:305,0
DA:308,0
DA:311,0
DA:314,0
DA:318,0
DA:321,0
DA:324,0
DA:326,0
DA:329,0
DA:332,0
DA:335,0
DA:338,0
DA:341,0
DA:344,0
DA:347,0
DA:350,0
DA:353,0
DA:356,0
DA:359,0
DA:362,0
DA:365,0
DA:369,0
DA:373,0
DA:377,0
DA:380,0
DA:383,0
DA:386,0
DA:389,0
DA:392,0
DA:395,0
DA:398,0
DA:401,0
DA:404,0
DA:407,0
DA:410,0
DA:413,0
DA:415,0
DA:418,0
DA:421,0
DA:425,0
DA:428,0
DA:431,0
DA:434,0
DA:437,0
DA:440,0
DA:443,0
DA:446,0
DA:449,0
DA:452,0
DA:455,0
DA:458,0
DA:461,0
DA:464,0
DA:466,0
DA:469,0
DA:471,0
DA:474,0
DA:477,0
DA:480,0
DA:483,0
DA:486,0
DA:489,0
DA:492,0
DA:495,0
DA:498,0
DA:501,0
DA:504,0
DA:507,0
DA:510,0
DA:513,0
DA:516,0
DA:519,0
DA:522,0
DA:525,0
DA:528,0
DA:531,0
DA:534,0
DA:537,0
DA:540,0
DA:543,0
DA:546,0
DA:549,0
DA:552,0
DA:555,0
DA:559,0
DA:562,0
DA:565,0
DA:568,0
DA:571,0
DA:574,0
DA:577,0
DA:580,0
DA:583,0
DA:586,0
DA:589,0
DA:592,0
DA:595,0
DA:598,0
DA:602,0
DA:605,0
DA:608,0
DA:611,0
DA:614,0
DA:617,0
DA:620,0
DA:623,0
DA:626,0
DA:629,0
DA:632,0
DA:635,0
DA:638,0
DA:641,0
DA:644,0
DA:647,0
DA:651,0
DA:653,0
DA:656,0
DA:659,0
DA:662,0
DA:666,0
DA:668,0
DA:671,0
DA:674,0
DA:677,0
DA:680,0
DA:683,0
DA:686,0
DA:689,0
DA:692,0
DA:695,0
DA:698,0
DA:701,0
DA:704,0
DA:707,0
DA:710,0
DA:713,0
DA:716,0
DA:719,0
DA:722,0
DA:725,0
DA:728,0
DA:731,0
DA:734,0
DA:737,0
DA:740,0
DA:743,0
DA:746,0
DA:749,0
DA:752,0
DA:755,0
DA:758,0
DA:761,0
DA:764,0
DA:767,0
DA:770,0
DA:773,0
DA:776,0
DA:779,0
DA:782,0
DA:785,0
DA:788,0
DA:791,0
DA:795,0
DA:798,0
DA:801,0
DA:804,0
DA:807,0
DA:810,0
DA:813,0
DA:816,0
DA:819,0
DA:823,0
DA:826,0
DA:829,0
DA:832,0
DA:835,0
DA:839,0
DA:842,0
DA:846,0
DA:849,0
DA:852,0
DA:855,0
DA:858,0
DA:861,0
DA:864,0
DA:867,0
DA:870,0
DA:874,0
DA:877,0
DA:880,0
DA:884,0
DA:887,0
DA:890,0
DA:893,0
DA:896,0
DA:899,0
DA:902,0
DA:905,0
DA:908,0
DA:911,0
DA:915,0
DA:918,0
DA:921,0
DA:924,0
DA:926,0
DA:929,0
DA:932,0
DA:935,0
DA:938,0
DA:941,0
DA:944,0
DA:947,0
DA:950,0
DA:953,0
DA:957,0
DA:960,0
DA:963,0
DA:966,1
DA:969,1
DA:972,1
DA:975,1
DA:978,1
DA:981,1
DA:984,1
DA:987,1
DA:989,1
DA:992,1
DA:995,1
DA:997,1
DA:1000,1
DA:1003,1
DA:1006,0
DA:1010,0
DA:1013,0
DA:1016,0
DA:1020,0
DA:1024,1
DA:1027,1
DA:1030,1
DA:1033,0
DA:1036,0
DA:1040,0
DA:1044,0
DA:1047,0
DA:1050,0
DA:1053,0
DA:1056,0
DA:1059,0
DA:1062,0
DA:1065,0
DA:1068,0
DA:1071,0
DA:1074,0
DA:1077,0
DA:1080,0
DA:1083,0
DA:1086,0
DA:1089,0
DA:1092,0
DA:1095,0
DA:1098,0
DA:1101,0
DA:1104,0
DA:1107,0
DA:1110,0
DA:1113,0
DA:1116,0
DA:1119,0
DA:1122,0
DA:1125,0
DA:1128,0
DA:1131,0
DA:1134,0
DA:1137,0
DA:1140,0
DA:1143,0
DA:1146,0
DA:1149,0
DA:1152,0
DA:1155,0
DA:1158,0
DA:1161,0
DA:1164,0
DA:1167,0
DA:1170,0
DA:1173,0
DA:1176,0
DA:1179,0
DA:1182,0
DA:1185,0
DA:1188,0
DA:1191,0
DA:1194,0
DA:1197,0
DA:1200,0
DA:1203,0
DA:1206,0
DA:1209,0
DA:1212,0
DA:1215,0
DA:1218,0
DA:1221,0
DA:1224,0
DA:1227,0
DA:1230,0
DA:1233,0
DA:1236,0
DA:1239,0
DA:1242,0
DA:1245,0
DA:1248,0
DA:1251,0
DA:1254,0
DA:1257,0
DA:1260,0
DA:1263,0
DA:1266,0
DA:1269,0
DA:1272,0
DA:1275,0
DA:1278,0
DA:1281,0
DA:1284,0
DA:1287,0
DA:1290,0
DA:1293,0
DA:1296,0
DA:1299,0
DA:1302,0
DA:1305,0
DA:1308,0
DA:1311,0
DA:1314,0
DA:1317,0
DA:1320,0
DA:1323,0
DA:1326,0
DA:1329,0
DA:1332,0
DA:1335,0
DA:1338,0
DA:1341,0
DA:1344,0
DA:1347,0
DA:1350,0
DA:1353,0
DA:1356,0
DA:1359,0
DA:1362,0
DA:1365,0
DA:1368,0
DA:1371,0
DA:1374,0
DA:1377,0
DA:1380,0
DA:1383,0
DA:1386,0
DA:1389,0
DA:1392,0
DA:1395,0
DA:1398,0
DA:1401,0
DA:1404,0
DA:1407,0
DA:1410,0
DA:1413,0
DA:1416,0
DA:1419,0
DA:1422,0
DA:1425,0
DA:1428,0
DA:1431,0
DA:1434,0
DA:1437,0
DA:1440,0
DA:1443,0
DA:1446,0
DA:1449,0
DA:1452,0
DA:1455,0
DA:1458,0
DA:1461,0
DA:1464,0
DA:1467,0
DA:1470,0
DA:1473,0
DA:1476,0
DA:1479,0
DA:1482,0
DA:1485,0
DA:1488,0
DA:1491,0
DA:1494,0
DA:1497,0
DA:1500,0
DA:1503,0
DA:1506,0
DA:1509,0
DA:1512,0
DA:1515,0
DA:1518,0
DA:1521,0
DA:1524,0
DA:1527,0
DA:1530,0
DA:1533,0
DA:1536,0
DA:1539,0
DA:1542,0
DA:1546,0
DA:1549,1
DA:1552,1
DA:1556,1
DA:1559,0
DA:1562,0
DA:1565,0
DA:1568,0
DA:1571,0
DA:1574,0
DA:1578,0
LF:520
LH:21
end_of_record
SF:lib/l10n/app_localizations_it.dart
DA:9,12
DA:11,0
DA:14,0
DA:18,0
DA:21,0
DA:25,0
DA:28,0
DA:31,0
DA:34,0
DA:37,0
DA:40,0
DA:43,0
DA:47,0
DA:50,0
DA:53,0
DA:56,0
DA:59,0
DA:62,0
DA:65,0
DA:68,0
DA:71,0
DA:74,0
DA:77,0
DA:80,0
DA:83,0
DA:86,0
DA:89,0
DA:92,0
DA:95,0
DA:98,0
DA:101,0
DA:105,0
DA:108,0
DA:111,0
DA:114,0
DA:117,0
DA:120,0
DA:123,0
DA:126,0
DA:129,0
DA:132,0
DA:135,0
DA:138,0
DA:141,0
DA:144,0
DA:147,0
DA:150,0
DA:153,0
DA:156,0
DA:159,0
DA:163,0
DA:167,0
DA:170,0
DA:173,0
DA:176,0
DA:179,0
DA:182,1
DA:185,1
DA:188,0
DA:191,0
DA:194,0
DA:197,0
DA:200,0
DA:203,0
DA:206,0
DA:209,0
DA:212,0
DA:215,0
DA:218,0
DA:221,0
DA:224,0
DA:227,0
DA:230,0
DA:233,0
DA:236,0
DA:239,0
DA:241,0
DA:243,0
DA:244,0
DA:245,0
DA:247,0
DA:250,0
DA:253,0
DA:256,0
DA:259,0
DA:262,0
DA:265,0
DA:268,0
DA:271,0
DA:274,0
DA:277,0
DA:280,0
DA:283,0
DA:286,0
DA:289,0
DA:292,0
DA:295,0
DA:298,0
DA:301,0
DA:304,0
DA:307,0
DA:310,0
DA:313,0
DA:316,0
DA:320,0
DA:323,0
DA:326,0
DA:328,0
DA:331,0
DA:334,0
DA:337,0
DA:340,0
DA:343,1
DA:346,0
DA:349,0
DA:352,0
DA:355,0
DA:358,0
DA:361,0
DA:364,0
DA:367,0
DA:371,0
DA:375,0
DA:379,0
DA:382,0
DA:385,0
DA:388,0
DA:391,0
DA:394,0
DA:397,0
DA:400,0
DA:403,0
DA:406,0
DA:409,0
DA:412,0
DA:415,0
DA:417,0
DA:420,0
DA:423,0
DA:426,0
DA:429,0
DA:432,0
DA:435,0
DA:438,0
DA:441,0
DA:444,0
DA:447,0
DA:450,0
DA:453,0
DA:456,0
DA:459,0
DA:462,0
DA:465,0
DA:467,0
DA:470,0
DA:472,0
DA:475,0
DA:478,0
DA:481,0
DA:484,0
DA:487,0
DA:490,0
DA:493,0
DA:496,0
DA:499,0
DA:502,0
DA:505,0
DA:508,0
DA:511,0
DA:514,0
DA:517,0
DA:520,0
DA:523,0
DA:526,0
DA:529,0
DA:532,0
DA:535,0
DA:538,0
DA:541,0
DA:544,0
DA:547,0
DA:550,0
DA:553,0
DA:556,0
DA:560,0
DA:563,0
DA:566,0
DA:569,0
DA:572,0
DA:575,0
DA:578,0
DA:581,0
DA:584,0
DA:587,0
DA:590,0
DA:593,0
DA:596,0
DA:599,0
DA:603,0
DA:606,0
DA:609,0
DA:612,0
DA:615,0
DA:618,0
DA:621,0
DA:624,0
DA:627,1
DA:630,0
DA:633,0
DA:636,0
DA:639,0
DA:642,0
DA:645,0
DA:648,0
DA:651,0
DA:653,0
DA:656,0
DA:659,0
DA:662,0
DA:665,0
DA:667,0
DA:670,0
DA:673,0
DA:676,0
DA:679,0
DA:682,0
DA:685,0
DA:688,0
DA:691,0
DA:694,0
DA:697,0
DA:700,0
DA:703,0
DA:706,0
DA:709,0
DA:712,0
DA:715,0
DA:718,0
DA:721,0
DA:724,0
DA:727,0
DA:730,0
DA:733,0
DA:736,0
DA:739,0
DA:742,0
DA:745,0
DA:748,0
DA:751,0
DA:754,0
DA:757,0
DA:760,0
DA:763,0
DA:766,0
DA:769,0
DA:772,0
DA:775,0
DA:778,0
DA:781,0
DA:784,0
DA:787,0
DA:790,0
DA:793,0
DA:796,0
DA:799,0
DA:802,0
DA:805,0
DA:808,0
DA:811,0
DA:814,0
DA:817,0
DA:820,0
DA:823,0
DA:826,0
DA:829,0
DA:832,0
DA:835,0
DA:838,0
DA:842,0
DA:845,0
DA:848,0
DA:851,0
DA:854,0
DA:857,0
DA:860,0
DA:863,0
DA:866,0
DA:870,0
DA:873,0
DA:876,0
DA:880,0
DA:883,0
DA:886,0
DA:889,1
DA:892,1
DA:895,0
DA:898,0
DA:901,0
DA:904,1
DA:907,0
DA:911,0
DA:914,0
DA:917,0
DA:920,0
DA:922,0
DA:925,0
DA:929,0
DA:933,0
DA:936,0
DA:939,0
DA:942,0
DA:945,0
DA:948,0
DA:952,0
DA:956,0
DA:959,0
DA:962,0
DA:965,1
DA:968,1
DA:971,1
DA:974,2
DA:977,2
DA:980,1
DA:983,1
DA:986,2
DA:988,2
DA:991,2
DA:994,1
DA:996,1
DA:999,1
DA:1002,1
DA:1005,0
DA:1009,0
DA:1012,0
DA:1015,0
DA:1019,0
DA:1023,1
DA:1026,1
DA:1029,1
DA:1032,0
DA:1035,0
DA:1039,0
DA:1043,0
DA:1046,0
DA:1049,0
DA:1052,0
DA:1055,0
DA:1058,0
DA:1061,0
DA:1064,0
DA:1067,0
DA:1070,0
DA:1073,0
DA:1076,0
DA:1079,0
DA:1082,0
DA:1085,0
DA:1088,0
DA:1091,0
DA:1094,0
DA:1097,0
DA:1100,0
DA:1103,0
DA:1106,0
DA:1109,0
DA:1112,0
DA:1115,0
DA:1118,0
DA:1121,0
DA:1124,0
DA:1127,0
DA:1130,0
DA:1133,0
DA:1136,0
DA:1139,0
DA:1142,0
DA:1145,0
DA:1148,0
DA:1151,0
DA:1154,0
DA:1157,0
DA:1160,0
DA:1163,0
DA:1166,0
DA:1169,0
DA:1172,0
DA:1175,0
DA:1178,0
DA:1181,0
DA:1184,0
DA:1187,0
DA:1190,0
DA:1193,0
DA:1196,0
DA:1199,0
DA:1202,0
DA:1205,0
DA:1208,0
DA:1211,0
DA:1214,0
DA:1217,0
DA:1220,0
DA:1223,0
DA:1226,0
DA:1229,0
DA:1232,0
DA:1235,0
DA:1238,0
DA:1241,0
DA:1244,0
DA:1247,0
DA:1250,0
DA:1253,0
DA:1256,0
DA:1259,0
DA:1262,0
DA:1265,0
DA:1268,0
DA:1271,0
DA:1274,0
DA:1277,0
DA:1280,0
DA:1283,0
DA:1286,0
DA:1289,0
DA:1292,0
DA:1295,0
DA:1298,0
DA:1301,0
DA:1304,0
DA:1307,0
DA:1310,0
DA:1313,0
DA:1316,0
DA:1319,0
DA:1322,0
DA:1325,0
DA:1328,0
DA:1331,0
DA:1334,0
DA:1337,0
DA:1340,0
DA:1343,0
DA:1346,0
DA:1349,0
DA:1352,0
DA:1355,0
DA:1358,0
DA:1361,0
DA:1364,0
DA:1367,0
DA:1370,0
DA:1373,0
DA:1376,0
DA:1379,0
DA:1382,0
DA:1385,0
DA:1388,0
DA:1391,0
DA:1394,0
DA:1397,0
DA:1400,0
DA:1403,0
DA:1406,0
DA:1409,0
DA:1412,0
DA:1415,0
DA:1418,0
DA:1421,0
DA:1424,0
DA:1427,0
DA:1430,0
DA:1433,0
DA:1436,0
DA:1439,0
DA:1442,0
DA:1445,0
DA:1448,0
DA:1451,0
DA:1454,0
DA:1457,0
DA:1460,0
DA:1463,0
DA:1466,0
DA:1469,0
DA:1472,0
DA:1475,0
DA:1478,0
DA:1481,0
DA:1484,0
DA:1487,0
DA:1490,0
DA:1493,0
DA:1496,0
DA:1499,0
DA:1502,0
DA:1505,0
DA:1508,0
DA:1511,0
DA:1514,0
DA:1517,0
DA:1520,1
DA:1523,1
DA:1526,1
DA:1529,1
DA:1532,1
DA:1535,1
DA:1538,1
DA:1541,1
DA:1545,1
DA:1548,2
DA:1551,2
DA:1555,2
DA:1558,0
DA:1561,0
DA:1564,0
DA:1567,0
DA:1570,0
DA:1573,0
DA:1576,0
LF:520
LH:37
end_of_record
SF:lib/l10n/app_localizations_pt.dart
DA:9,0
DA:11,0
DA:14,0
DA:17,0
DA:20,0
DA:23,0
DA:26,0
DA:29,0
DA:32,0
DA:35,0
DA:38,0
DA:41,0
DA:45,0
DA:48,0
DA:51,0
DA:54,0
DA:57,0
DA:60,0
DA:63,0
DA:66,0
DA:69,0
DA:72,0
DA:75,0
DA:78,0
DA:81,0
DA:84,0
DA:87,0
DA:90,0
DA:93,0
DA:96,0
DA:99,0
DA:103,0
DA:106,0
DA:109,0
DA:112,0
DA:115,0
DA:118,0
DA:121,0
DA:124,0
DA:127,0
DA:130,0
DA:133,0
DA:136,0
DA:139,0
DA:142,0
DA:145,0
DA:148,0
DA:151,0
DA:154,0
DA:157,0
DA:161,0
DA:165,0
DA:168,0
DA:171,0
DA:174,0
DA:177,0
DA:180,0
DA:183,0
DA:186,0
DA:189,0
DA:192,0
DA:195,0
DA:198,0
DA:201,0
DA:204,0
DA:207,0
DA:210,0
DA:213,0
DA:216,0
DA:219,0
DA:222,0
DA:225,0
DA:228,0
DA:231,0
DA:234,0
DA:237,0
DA:239,0
DA:241,0
DA:242,0
DA:243,0
DA:245,0
DA:248,0
DA:251,0
DA:254,0
DA:257,0
DA:260,0
DA:263,0
DA:266,0
DA:269,0
DA:272,0
DA:275,0
DA:278,0
DA:281,0
DA:284,0
DA:287,0
DA:290,0
DA:293,0
DA:296,0
DA:299,0
DA:302,0
DA:305,0
DA:308,0
DA:311,0
DA:314,0
DA:318,0
DA:321,0
DA:324,0
DA:326,0
DA:329,0
DA:332,0
DA:335,0
DA:338,0
DA:341,0
DA:344,0
DA:347,0
DA:350,0
DA:353,0
DA:356,0
DA:359,0
DA:362,0
DA:365,0
DA:368,0
DA:372,0
DA:375,0
DA:378,0
DA:381,0
DA:384,0
DA:387,0
DA:390,0
DA:393,0
DA:396,0
DA:399,0
DA:402,0
DA:405,0
DA:408,0
DA:411,0
DA:413,0
DA:416,0
DA:419,0
DA:422,0
DA:425,0
DA:428,0
DA:431,0
DA:434,0
DA:437,0
DA:440,0
DA:443,0
DA:446,0
DA:449,0
DA:452,0
DA:455,0
DA:458,0
DA:461,0
DA:463,0
DA:466,0
DA:468,0
DA:471,0
DA:474,0
DA:477,0
DA:480,0
DA:483,0
DA:486,0
DA:489,0
DA:492,0
DA:495,0
DA:498,0
DA:501,0
DA:504,0
DA:507,0
DA:510,0
DA:513,0
DA:516,0
DA:519,0
DA:522,0
DA:525,0
DA:528,0
DA:531,0
DA:534,0
DA:537,0
DA:540,0
DA:543,0
DA:546,0
DA:549,0
DA:552,0
DA:556,0
DA:559,0
DA:562,0
DA:565,0
DA:568,0
DA:571,0
DA:574,0
DA:577,0
DA:580,0
DA:583,0
DA:586,0
DA:589,0
DA:592,0
DA:595,0
DA:598,0
DA:601,0
DA:604,0
DA:607,0
DA:610,0
DA:613,0
DA:616,0
DA:619,0
DA:622,0
DA:625,0
DA:628,0
DA:631,0
DA:634,0
DA:637,0
DA:640,0
DA:643,0
DA:647,0
DA:649,0
DA:652,0
DA:655,0
DA:658,0
DA:662,0
DA:664,0
DA:667,0
DA:670,0
DA:673,0
DA:676,0
DA:679,0
DA:682,0
DA:685,0
DA:688,0
DA:691,0
DA:694,0
DA:697,0
DA:700,0
DA:703,0
DA:706,0
DA:709,0
DA:712,0
DA:715,0
DA:718,0
DA:721,0
DA:724,0
DA:727,0
DA:730,0
DA:733,0
DA:736,0
DA:739,0
DA:742,0
DA:745,0
DA:748,0
DA:751,0
DA:754,0
DA:757,0
DA:760,0
DA:763,0
DA:766,0
DA:769,0
DA:772,0
DA:775,0
DA:778,0
DA:781,0
DA:784,0
DA:787,0
DA:790,0
DA:793,0
DA:796,0
DA:799,0
DA:802,0
DA:805,0
DA:808,0
DA:811,0
DA:814,0
DA:817,0
DA:820,0
DA:823,0
DA:827,0
DA:830,0
DA:834,0
DA:837,0
DA:840,0
DA:843,0
DA:846,0
DA:849,0
DA:852,0
DA:855,0
DA:858,0
DA:861,0
DA:864,0
DA:868,0
DA:871,0
DA:874,0
DA:878,0
DA:881,0
DA:884,0
DA:887,0
DA:890,0
DA:893,0
DA:896,0
DA:899,0
DA:902,0
DA:905,0
DA:909,0
DA:912,0
DA:915,0
DA:918,0
DA:920,0
DA:923,0
DA:926,0
DA:929,0
DA:932,0
DA:935,0
DA:938,0
DA:941,0
DA:944,0
DA:948,0
DA:952,0
DA:955,0
DA:958,0
DA:961,0
DA:964,0
DA:967,0
DA:970,0
DA:973,0
DA:976,0
DA:979,0
DA:982,0
DA:984,0
DA:987,0
DA:990,0
DA:992,0
DA:995,0
DA:998,0
DA:1001,0
DA:1005,0
DA:1008,0
DA:1011,0
DA:1015,0
DA:1019,0
DA:1022,0
DA:1025,0
DA:1028,0
DA:1031,0
DA:1035,0
DA:1038,0
DA:1041,0
DA:1044,0
DA:1047,0
DA:1050,0
DA:1053,0
DA:1056,0
DA:1059,0
DA:1062,0
DA:1065,0
DA:1068,0
DA:1071,0
DA:1074,0
DA:1077,0
DA:1080,0
DA:1083,0
DA:1086,0
DA:1089,0
DA:1092,0
DA:1095,0
DA:1098,0
DA:1101,0
DA:1104,0
DA:1107,0
DA:1110,0
DA:1113,0
DA:1116,0
DA:1119,0
DA:1122,0
DA:1125,0
DA:1128,0
DA:1131,0
DA:1134,0
DA:1137,0
DA:1140,0
DA:1143,0
DA:1146,0
DA:1149,0
DA:1152,0
DA:1155,0
DA:1158,0
DA:1161,0
DA:1164,0
DA:1167,0
DA:1170,0
DA:1173,0
DA:1176,0
DA:1179,0
DA:1182,0
DA:1185,0
DA:1188,0
DA:1191,0
DA:1194,0
DA:1197,0
DA:1200,0
DA:1203,0
DA:1206,0
DA:1209,0
DA:1212,0
DA:1215,0
DA:1218,0
DA:1221,0
DA:1224,0
DA:1227,0
DA:1230,0
DA:1233,0
DA:1236,0
DA:1239,0
DA:1242,0
DA:1245,0
DA:1248,0
DA:1251,0
DA:1254,0
DA:1257,0
DA:1260,0
DA:1263,0
DA:1266,0
DA:1269,0
DA:1272,0
DA:1275,0
DA:1278,0
DA:1281,0
DA:1284,0
DA:1287,0
DA:1290,0
DA:1293,0
DA:1296,0
DA:1299,0
DA:1302,0
DA:1305,0
DA:1308,0
DA:1311,0
DA:1314,0
DA:1317,0
DA:1320,0
DA:1323,0
DA:1326,0
DA:1329,0
DA:1332,0
DA:1335,0
DA:1338,0
DA:1341,0
DA:1344,0
DA:1347,0
DA:1350,0
DA:1353,0
DA:1356,0
DA:1359,0
DA:1362,0
DA:1365,0
DA:1368,0
DA:1371,0
DA:1374,0
DA:1377,0
DA:1380,0
DA:1383,0
DA:1386,0
DA:1389,0
DA:1392,0
DA:1395,0
DA:1398,0
DA:1401,0
DA:1404,0
DA:1407,0
DA:1410,0
DA:1413,0
DA:1416,0
DA:1419,0
DA:1422,0
DA:1425,0
DA:1428,0
DA:1431,0
DA:1434,0
DA:1437,0
DA:1440,0
DA:1443,0
DA:1446,0
DA:1449,0
DA:1452,0
DA:1455,0
DA:1458,0
DA:1461,0
DA:1464,0
DA:1467,0
DA:1470,0
DA:1473,0
DA:1476,0
DA:1479,0
DA:1482,0
DA:1485,0
DA:1488,0
DA:1491,0
DA:1494,0
DA:1497,0
DA:1500,0
DA:1503,0
DA:1506,0
DA:1509,0
DA:1512,0
DA:1515,0
DA:1518,0
DA:1521,0
DA:1524,0
DA:1527,0
DA:1530,0
DA:1533,0
DA:1536,0
DA:1540,0
DA:1543,0
DA:1546,0
DA:1550,0
DA:1553,0
DA:1556,0
DA:1559,0
DA:1562,0
DA:1565,0
DA:1568,0
DA:1572,0
LF:520
LH:0
end_of_record
SF:lib/l10n/app_localizations_zh.dart
DA:9,0
DA:11,0
DA:14,0
DA:17,0
DA:20,0
DA:23,0
DA:26,0
DA:29,0
DA:32,0
DA:35,0
DA:38,0
DA:41,0
DA:44,0
DA:47,0
DA:50,0
DA:53,0
DA:56,0
DA:59,0
DA:62,0
DA:65,0
DA:68,0
DA:71,0
DA:74,0
DA:77,0
DA:80,0
DA:83,0
DA:86,0
DA:89,0
DA:92,0
DA:95,0
DA:98,0
DA:101,0
DA:104,0
DA:107,0
DA:110,0
DA:113,0
DA:116,0
DA:119,0
DA:122,0
DA:125,0
DA:128,0
DA:131,0
DA:134,0
DA:137,0
DA:140,0
DA:143,0
DA:146,0
DA:149,0
DA:152,0
DA:155,0
DA:159,0
DA:163,0
DA:166,0
DA:169,0
DA:172,0
DA:175,0
DA:178,0
DA:181,0
DA:184,0
DA:187,0
DA:190,0
DA:193,0
DA:196,0
DA:199,0
DA:202,0
DA:205,0
DA:208,0
DA:211,0
DA:214,0
DA:217,0
DA:220,0
DA:223,0
DA:226,0
DA:229,0
DA:232,0
DA:235,0
DA:237,0
DA:239,0
DA:240,0
DA:242,0
DA:245,0
DA:248,0
DA:251,0
DA:254,0
DA:257,0
DA:260,0
DA:263,0
DA:266,0
DA:269,0
DA:272,0
DA:275,0
DA:278,0
DA:281,0
DA:284,0
DA:287,0
DA:290,0
DA:293,0
DA:296,0
DA:299,0
DA:302,0
DA:305,0
DA:308,0
DA:311,0
DA:315,0
DA:318,0
DA:321,0
DA:323,0
DA:326,0
DA:329,0
DA:332,0
DA:335,0
DA:338,0
DA:341,0
DA:344,0
DA:347,0
DA:350,0
DA:353,0
DA:356,0
DA:359,0
DA:362,0
DA:366,0
DA:370,0
DA:373,0
DA:376,0
DA:379,0
DA:382,0
DA:385,0
DA:388,0
DA:391,0
DA:394,0
DA:397,0
DA:400,0
DA:403,0
DA:406,0
DA:409,0
DA:411,0
DA:414,0
DA:417,0
DA:420,0
DA:423,0
DA:426,0
DA:429,0
DA:432,0
DA:435,0
DA:438,0
DA:441,0
DA:444,0
DA:447,0
DA:450,0
DA:453,0
DA:456,0
DA:459,0
DA:461,0
DA:464,0
DA:466,0
DA:469,0
DA:472,0
DA:475,0
DA:478,0
DA:481,0
DA:484,0
DA:487,0
DA:490,0
DA:493,0
DA:496,0
DA:499,0
DA:502,0
DA:505,0
DA:508,0
DA:511,0
DA:514,0
DA:517,0
DA:520,0
DA:523,0
DA:526,0
DA:529,0
DA:532,0
DA:535,0
DA:538,0
DA:541,0
DA:544,0
DA:547,0
DA:550,0
DA:554,0
DA:557,0
DA:560,0
DA:563,0
DA:566,0
DA:569,0
DA:572,0
DA:575,0
DA:578,0
DA:581,0
DA:584,0
DA:587,0
DA:590,0
DA:593,0
DA:597,0
DA:600,0
DA:603,0
DA:606,0
DA:609,0
DA:612,0
DA:615,0
DA:618,0
DA:621,0
DA:624,0
DA:627,0
DA:630,0
DA:633,0
DA:636,0
DA:639,0
DA:642,0
DA:645,0
DA:647,0
DA:650,0
DA:653,0
DA:656,0
DA:659,0
DA:661,0
DA:664,0
DA:667,0
DA:670,0
DA:673,0
DA:676,0
DA:679,0
DA:682,0
DA:685,0
DA:688,0
DA:691,0
DA:694,0
DA:697,0
DA:700,0
DA:703,0
DA:706,0
DA:709,0
DA:712,0
DA:715,0
DA:718,0
DA:721,0
DA:724,0
DA:727,0
DA:730,0
DA:733,0
DA:736,0
DA:739,0
DA:742,0
DA:745,0
DA:748,0
DA:751,0
DA:754,0
DA:757,0
DA:760,0
DA:763,0
DA:766,0
DA:769,0
DA:772,0
DA:775,0
DA:778,0
DA:781,0
DA:784,0
DA:787,0
DA:790,0
DA:793,0
DA:796,0
DA:799,0
DA:802,0
DA:805,0
DA:808,0
DA:811,0
DA:814,0
DA:817,0
DA:820,0
DA:823,0
DA:826,0
DA:829,0
DA:832,0
DA:835,0
DA:838,0
DA:841,0
DA:844,0
DA:847,0
DA:850,0
DA:853,0
DA:856,0
DA:859,0
DA:863,0
DA:866,0
DA:869,0
DA:873,0
DA:876,0
DA:879,0
DA:882,0
DA:885,0
DA:888,0
DA:891,0
DA:894,0
DA:897,0
DA:900,0
DA:904,0
DA:907,0
DA:910,0
DA:913,0
DA:915,0
DA:918,0
DA:921,0
DA:924,0
DA:927,0
DA:930,0
DA:933,0
DA:936,0
DA:939,0
DA:943,0
DA:947,0
DA:950,0
DA:953,0
DA:956,0
DA:959,0
DA:962,0
DA:965,0
DA:968,0
DA:971,0
DA:974,0
DA:977,0
DA:979,0
DA:982,0
DA:985,0
DA:990,0
DA:993,0
DA:996,0
DA:1000,0
DA:1003,0
DA:1006,0
DA:1009,0
DA:1012,0
DA:1015,0
DA:1018,0
DA:1021,0
DA:1024,0
DA:1028,0
DA:1031,0
DA:1034,0
DA:1037,0
DA:1040,0
DA:1043,0
DA:1046,0
DA:1049,0
DA:1052,0
DA:1055,0
DA:1058,0
DA:1061,0
DA:1064,0
DA:1067,0
DA:1070,0
DA:1073,0
DA:1076,0
DA:1079,0
DA:1082,0
DA:1085,0
DA:1088,0
DA:1091,0
DA:1094,0
DA:1097,0
DA:1100,0
DA:1103,0
DA:1106,0
DA:1109,0
DA:1112,0
DA:1115,0
DA:1118,0
DA:1121,0
DA:1124,0
DA:1127,0
DA:1130,0
DA:1133,0
DA:1136,0
DA:1139,0
DA:1142,0
DA:1145,0
DA:1148,0
DA:1151,0
DA:1154,0
DA:1157,0
DA:1160,0
DA:1163,0
DA:1166,0
DA:1169,0
DA:1172,0
DA:1175,0
DA:1178,0
DA:1181,0
DA:1184,0
DA:1187,0
DA:1190,0
DA:1193,0
DA:1196,0
DA:1199,0
DA:1202,0
DA:1205,0
DA:1208,0
DA:1211,0
DA:1214,0
DA:1217,0
DA:1220,0
DA:1223,0
DA:1226,0
DA:1229,0
DA:1232,0
DA:1235,0
DA:1238,0
DA:1241,0
DA:1244,0
DA:1247,0
DA:1250,0
DA:1253,0
DA:1256,0
DA:1259,0
DA:1262,0
DA:1265,0
DA:1268,0
DA:1271,0
DA:1274,0
DA:1277,0
DA:1280,0
DA:1283,0
DA:1286,0
DA:1289,0
DA:1292,0
DA:1295,0
DA:1298,0
DA:1301,0
DA:1304,0
DA:1307,0
DA:1310,0
DA:1313,0
DA:1316,0
DA:1319,0
DA:1322,0
DA:1325,0
DA:1328,0
DA:1331,0
DA:1334,0
DA:1337,0
DA:1340,0
DA:1343,0
DA:1346,0
DA:1349,0
DA:1352,0
DA:1355,0
DA:1358,0
DA:1361,0
DA:1364,0
DA:1367,0
DA:1370,0
DA:1373,0
DA:1376,0
DA:1379,0
DA:1382,0
DA:1385,0
DA:1388,0
DA:1391,0
DA:1394,0
DA:1397,0
DA:1400,0
DA:1403,0
DA:1406,0
DA:1409,0
DA:1412,0
DA:1415,0
DA:1418,0
DA:1421,0
DA:1424,0
DA:1427,0
DA:1430,0
DA:1433,0
DA:1436,0
DA:1439,0
DA:1442,0
DA:1445,0
DA:1448,0
DA:1451,0
DA:1454,0
DA:1457,0
DA:1460,0
DA:1463,0
DA:1466,0
DA:1469,0
DA:1472,0
DA:1475,0
DA:1478,0
DA:1481,0
DA:1484,0
DA:1487,0
DA:1490,0
DA:1493,0
DA:1496,0
DA:1499,0
DA:1502,0
DA:1505,0
DA:1508,0
DA:1511,0
DA:1514,0
DA:1517,0
DA:1520,0
DA:1523,0
DA:1526,0
DA:1529,0
DA:1533,0
DA:1536,0
DA:1539,0
DA:1543,0
DA:1546,0
DA:1549,0
DA:1552,0
DA:1555,0
DA:1558,0
DA:1561,0
DA:1564,0
LF:518
LH:0
end_of_record
SF:lib/data/expense_group_storage_v2.dart
DA:15,14
DA:16,7
DA:19,0
DA:20,0
DA:21,0
DA:25,4
DA:26,8
DA:27,4
DA:31,0
DA:35,0
DA:36,0
DA:40,1
DA:41,2
DA:42,0
DA:48,0
DA:50,0
DA:51,0
DA:52,0
DA:55,0
DA:56,0
DA:57,0
DA:58,0
DA:66,0
DA:68,0
DA:69,0
DA:70,0
DA:73,0
DA:74,0
DA:75,0
DA:81,0
DA:82,0
DA:83,0
DA:87,0
DA:88,0
DA:89,0
DA:93,0
DA:94,0
DA:95,0
DA:99,3
DA:100,6
DA:101,3
DA:102,3
DA:103,9
DA:109,4
DA:112,0
DA:113,0
DA:114,0
DA:118,0
DA:119,0
DA:120,0
DA:124,2
DA:125,4
DA:126,4
DA:131,3
DA:132,6
DA:133,6
DA:138,1
DA:142,2
DA:143,1
DA:144,0
DA:148,1
DA:150,0
DA:154,2
DA:155,1
DA:156,1
DA:158,2
DA:159,1
DA:160,1
DA:161,2
DA:168,1
DA:169,2
DA:170,1
DA:171,0
DA:179,0
DA:184,0
DA:186,0
DA:192,0
DA:197,0
DA:199,0
DA:205,1
DA:210,0
DA:214,6
DA:217,0
DA:218,0
DA:219,0
DA:220,0
DA:222,0
DA:223,0
DA:224,0
DA:225,0
DA:233,1
DA:237,2
DA:238,1
DA:239,0
DA:243,1
DA:245,0
DA:250,2
DA:251,4
DA:253,2
DA:254,1
DA:255,2
DA:261,2
DA:262,1
DA:264,1
DA:266,2
DA:267,1
DA:268,1
DA:269,2
DA:278,1
DA:286,1
DA:287,2
DA:288,1
DA:289,4
DA:290,0
DA:292,3
DA:293,3
DA:296,1
DA:298,2
DA:299,1
DA:300,0
DA:303,1
DA:305,0
DA:309,3
DA:310,3
DA:312,2
DA:315,1
DA:317,1
DA:318,2
DA:319,1
DA:320,0
DA:321,0
DA:329,1
DA:334,1
DA:335,2
DA:336,1
DA:337,4
DA:338,0
DA:340,3
DA:341,3
DA:344,1
DA:346,2
DA:347,1
DA:348,0
DA:351,1
DA:353,0
DA:357,3
DA:358,3
DA:360,2
DA:363,1
DA:365,1
DA:366,2
DA:367,1
DA:368,0
DA:369,0
DA:377,1
DA:382,0
DA:385,6
DA:388,0
DA:389,0
DA:390,0
DA:391,0
DA:393,0
DA:394,0
DA:395,0
DA:396,0
DA:404,0
DA:408,0
DA:409,0
DA:410,0
DA:414,0
DA:416,0
DA:420,0
DA:421,0
DA:422,0
DA:423,0
DA:425,0
DA:426,0
DA:427,0
DA:428,0
DA:434,1
DA:435,2
DA:436,1
DA:437,0
LF:183
LH:92
end_of_record
SF:lib/data/model/expense_group.dart
DA:21,22
DA:35,14
DA:36,8
DA:38,3
DA:39,3
DA:40,3
DA:41,3
DA:43,3
DA:44,9
DA:45,3
DA:46,0
DA:48,3
DA:49,3
DA:50,6
DA:52,3
DA:53,0
DA:54,3
DA:55,0
DA:57,3
DA:58,3
DA:60,3
DA:61,9
DA:62,3
DA:63,0
DA:64,3
DA:65,6
DA:66,0
DA:67,3
DA:68,3
DA:69,3
DA:70,3
DA:74,12
DA:75,6
DA:76,6
DA:77,30
DA:78,30
DA:79,6
DA:80,6
DA:81,6
DA:82,30
DA:83,12
DA:84,6
DA:85,6
DA:86,6
DA:87,6
DA:90,14
DA:105,14
DA:106,14
DA:107,14
DA:108,11
DA:109,14
DA:110,14
DA:111,14
DA:112,14
DA:113,13
DA:114,14
DA:115,14
DA:116,14
DA:117,14
DA:118,14
DA:122,0
DA:123,0
DA:131,0
DA:132,0
LF:64
LH:55
end_of_record
SF:lib/data/model/expense_details.dart
DA:16,18
DA:25,5
DA:27,4
DA:28,4
DA:29,4
DA:30,8
DA:31,4
DA:32,8
DA:34,8
DA:35,8
DA:36,4
DA:37,4
DA:38,4
DA:39,0
DA:44,14
DA:45,14
DA:46,21
DA:47,21
DA:48,21
DA:49,21
DA:50,7
DA:51,21
DA:52,7
DA:55,2
DA:65,2
DA:66,2
DA:67,2
DA:68,1
DA:69,2
DA:70,2
DA:71,2
DA:72,2
DA:73,2
LF:33
LH:32
end_of_record
SF:lib/data/model/expense_participant.dart
DA:8,24
DA:12,11
DA:13,23
DA:15,4
DA:16,4
DA:17,4
DA:18,4
DA:19,4
DA:20,8
DA:21,0
DA:25,14
DA:26,7
DA:27,7
DA:28,14
DA:31,6
DA:36,6
DA:37,6
DA:38,5
DA:39,6
DA:43,1
DA:46,1
DA:47,3
DA:48,3
DA:50,1
DA:51,2
DA:53,0
DA:54,0
LF:27
LH:24
end_of_record
SF:lib/data/model/expense_category.dart
DA:8,23
DA:12,8
DA:13,20
DA:15,4
DA:16,4
DA:17,4
DA:18,4
DA:19,4
DA:20,8
DA:21,0
DA:25,14
DA:26,7
DA:27,7
DA:28,14
DA:31,6
DA:36,6
DA:37,6
DA:38,5
DA:39,6
DA:43,0
DA:46,0
DA:47,0
DA:48,0
DA:50,0
DA:51,0
DA:53,0
DA:54,0
LF:27
LH:18
end_of_record
SF:lib/data/expense_group_repository.dart
DA:10,8
DA:11,8
DA:13,10
DA:14,20
DA:17,1
DA:18,1
DA:19,1
DA:22,1
DA:26,5
DA:27,5
DA:31,1
DA:32,3
DA:33,1
DA:34,2
DA:97,10
DA:98,10
DA:101,30
DA:102,3
DA:105,30
DA:106,1
DA:110,11
DA:111,3
DA:112,1
DA:117,46
DA:118,40
DA:119,1
DA:122,18
DA:123,24
DA:124,2
DA:130,48
DA:131,40
DA:132,1
DA:136,38
DA:137,16
DA:139,24
DA:140,4
DA:143,24
DA:144,4
DA:148,24
DA:149,4
DA:154,10
DA:155,5
DA:156,5
DA:164,7
DA:167,7
DA:170,28
DA:171,21
DA:172,1
DA:176,32
DA:177,14
DA:178,1
DA:179,5
DA:184,14
DA:185,7
DA:186,7
DA:187,2
DA:188,10
DA:193,7
DA:194,7
DA:196,2
DA:197,2
DA:199,2
LF:62
LH:62
end_of_record
SF:lib/data/storage_errors.dart
DA:7,8
DA:9,4
DA:11,4
DA:12,12
DA:14,6
DA:20,4
DA:25,0
DA:32,5
DA:34,3
DA:36,9
DA:37,24
DA:38,9
DA:40,0
DA:49,5
DA:50,10
DA:55,2
DA:60,0
LF:17
LH:14
end_of_record
SF:lib/data/file_based_expense_group_repository.dart
DA:29,10
DA:31,10
DA:32,21
DA:34,2
DA:36,2
DA:37,6
DA:43,10
DA:44,17
DA:46,7
DA:47,14
DA:49,7
DA:53,6
DA:54,6
DA:55,6
DA:56,6
DA:57,12
DA:58,12
DA:62,10
DA:65,10
DA:67,10
DA:69,10
DA:72,7
DA:74,11
DA:75,5
DA:76,15
DA:77,10
DA:79,9
DA:81,6
DA:86,7
DA:87,14
DA:88,14
DA:89,7
DA:90,14
DA:93,3
DA:94,3
DA:96,6
DA:97,2
DA:98,2
DA:99,2
DA:100,2
DA:103,3
DA:105,3
DA:106,0
DA:108,0
DA:112,3
DA:113,9
DA:115,3
DA:116,3
DA:117,0
DA:118,0
DA:119,0
DA:122,6
DA:124,0
DA:125,0
DA:126,0
DA:127,0
DA:133,3
DA:136,3
DA:137,0
DA:141,3
DA:142,6
DA:143,6
DA:146,6
DA:147,6
DA:149,3
DA:151,3
DA:152,2
DA:155,1
DA:156,1
DA:158,1
DA:159,1
DA:164,10
DA:165,16
DA:170,6
DA:171,12
DA:174,6
DA:177,6
DA:178,0
DA:182,6
DA:184,18
DA:185,6
DA:186,9
DA:188,3
DA:191,0
DA:196,6
DA:197,24
DA:198,6
DA:200,6
DA:203,6
DA:204,12
DA:207,6
DA:208,12
DA:211,12
DA:212,12
DA:216,0
DA:217,0
DA:220,0
DA:221,0
DA:223,0
DA:224,0
DA:228,6
DA:231,3
DA:233,6
DA:234,3
DA:235,3
DA:238,6
DA:239,9
DA:242,4
DA:243,2
DA:245,2
DA:246,3
DA:249,3
DA:251,6
DA:252,3
DA:253,2
DA:256,4
DA:258,4
DA:262,2
DA:263,6
DA:264,2
DA:265,4
DA:266,2
DA:273,0
DA:274,0
DA:275,0
DA:276,0
DA:278,0
DA:279,3
DA:282,2
DA:284,4
DA:285,2
DA:286,2
DA:289,4
DA:290,6
DA:293,0
DA:294,0
DA:295,0
DA:296,0
DA:298,0
DA:299,2
DA:302,7
DA:304,14
DA:306,14
DA:307,12
DA:308,6
DA:312,4
DA:313,4
DA:315,8
DA:316,8
DA:317,21
DA:320,1
DA:325,2
DA:327,2
DA:328,2
DA:329,2
DA:330,2
DA:332,1
DA:333,3
DA:334,3
DA:338,1
DA:342,1
DA:343,1
DA:344,0
DA:347,1
DA:349,1
DA:350,1
DA:354,0
DA:355,0
DA:356,3
DA:359,3
DA:361,6
DA:363,6
DA:364,4
DA:365,2
DA:369,1
DA:370,0
DA:372,0
DA:373,0
DA:374,7
DA:377,6
DA:380,6
DA:381,6
DA:385,6
DA:386,6
DA:388,12
DA:389,22
DA:391,12
DA:392,2
DA:394,5
DA:397,6
DA:400,1
DA:404,1
DA:405,1
DA:407,2
DA:408,5
DA:409,2
DA:410,0
DA:412,1
DA:415,1
DA:418,4
DA:421,4
DA:422,4
DA:426,4
DA:427,8
DA:429,4
DA:430,6
DA:432,4
DA:433,2
DA:434,4
DA:439,2
DA:440,2
DA:442,1
DA:445,3
DA:447,3
DA:448,3
DA:450,6
DA:451,12
DA:453,6
DA:454,2
DA:455,2
DA:459,3
DA:460,3
DA:463,2
DA:465,2
DA:466,2
DA:468,4
DA:472,6
DA:473,6
DA:474,4
DA:475,1
DA:476,1
DA:479,6
DA:481,4
DA:482,3
DA:487,0
DA:488,0
DA:492,2
DA:495,2
DA:497,2
DA:498,2
DA:500,4
DA:501,8
DA:503,4
DA:504,0
DA:505,0
DA:509,4
DA:510,6
DA:511,2
DA:517,1
DA:519,1
DA:520,1
DA:522,2
DA:523,4
DA:525,2
DA:526,0
DA:527,0
DA:532,3
DA:533,1
DA:536,1
DA:538,1
DA:539,1
DA:541,2
DA:542,4
DA:544,2
DA:545,0
DA:546,0
DA:550,2
DA:551,3
DA:552,1
DA:558,9
DA:560,9
DA:563,2
DA:565,2
DA:566,2
DA:567,0
DA:570,4
DA:571,2
DA:572,0
DA:574,2
DA:578,5
DA:579,5
DA:583,4
DA:584,4
DA:588,2
DA:589,2
DA:593,0
DA:596,0
DA:598,0
DA:599,0
DA:601,0
DA:602,0
DA:603,0
DA:607,0
DA:608,0
DA:610,0
DA:611,0
DA:612,0
DA:614,0
DA:616,0
DA:618,0
DA:623,0
DA:626,0
DA:627,0
DA:629,0
DA:630,0
DA:631,0
DA:635,0
DA:636,0
DA:638,0
DA:639,0
DA:640,0
DA:642,0
DA:643,0
DA:647,0
DA:650,0
DA:651,0
DA:653,0
DA:654,0
DA:655,0
DA:659,0
DA:660,0
DA:662,0
DA:663,0
DA:664,0
DA:666,0
DA:667,0
DA:671,0
DA:674,0
DA:675,0
DA:677,0
DA:678,0
DA:679,0
DA:683,0
DA:684,0
DA:686,0
DA:687,0
DA:688,0
DA:689,0
DA:691,0
DA:692,0
DA:696,0
DA:697,0
DA:698,0
DA:699,0
DA:700,0
DA:701,0
DA:703,0
DA:704,0
DA:709,0
DA:710,0
LF:350
LH:240
end_of_record
SF:lib/data/storage_performance.dart
DA:12,2
DA:18,2
DA:20,1
DA:22,1
DA:23,3
DA:24,4
DA:30,6
DA:34,2
DA:39,2
DA:44,2
DA:45,4
DA:49,6
DA:52,11
DA:55,2
DA:57,4
DA:60,6
DA:61,5
DA:67,1
DA:68,6
DA:72,1
DA:73,1
DA:74,1
DA:77,4
DA:78,3
DA:80,3
DA:84,1
DA:85,1
DA:86,1
DA:88,4
DA:89,2
DA:93,1
DA:94,3
DA:96,5
DA:97,1
DA:99,2
DA:100,1
DA:102,4
DA:103,1
DA:104,1
DA:106,2
DA:107,1
DA:108,2
DA:109,1
DA:110,1
DA:111,3
DA:112,4
DA:113,1
DA:115,3
DA:116,3
DA:117,3
DA:125,0
DA:126,0
DA:127,0
DA:128,0
DA:132,0
DA:133,0
DA:134,0
DA:135,0
DA:137,0
DA:138,0
DA:139,0
DA:140,0
DA:141,0
DA:142,0
DA:143,0
DA:145,0
DA:146,0
DA:147,0
DA:148,0
DA:151,0
DA:152,0
DA:153,0
DA:156,0
DA:164,11
DA:170,11
DA:171,11
DA:174,4
DA:177,2
DA:179,2
DA:180,2
DA:181,2
DA:183,2
DA:191,1
DA:192,1
DA:193,1
DA:194,1
DA:195,1
DA:206,1
DA:212,1
DA:213,0
DA:216,2
DA:219,1
DA:221,1
DA:222,1
DA:223,1
DA:225,1
DA:233,0
DA:234,0
DA:235,0
DA:236,0
DA:237,0
LF:101
LH:72
end_of_record
SF:lib/data/storage_index.dart
DA:18,2
DA:19,2
DA:22,7
DA:23,14
DA:24,14
DA:25,14
DA:26,14
DA:28,14
DA:29,21
DA:31,11
DA:32,12
DA:35,7
DA:36,12
DA:38,9
DA:39,21
DA:44,7
DA:45,14
DA:49,1
DA:50,3
DA:51,3
DA:54,4
DA:55,3
DA:57,2
DA:58,3
DA:62,2
DA:63,0
DA:65,2
DA:66,3
DA:69,1
DA:70,3
DA:71,3
DA:73,3
DA:74,3
DA:77,2
DA:81,1
DA:82,2
DA:84,2
DA:85,2
DA:86,2
DA:87,2
DA:92,7
DA:93,14
DA:97,4
DA:98,12
DA:99,20
DA:104,3
DA:105,18
DA:106,15
DA:111,3
DA:112,15
DA:113,7
DA:118,3
DA:119,6
DA:120,12
DA:124,1
DA:125,2
DA:126,7
DA:127,1
DA:128,5
DA:133,1
DA:134,2
DA:135,7
DA:136,1
DA:137,5
DA:142,1
DA:143,2
DA:144,4
DA:145,1
DA:146,1
DA:151,0
DA:155,0
DA:157,0
DA:158,0
DA:162,0
DA:163,0
DA:167,0
DA:168,0
DA:173,1
DA:174,1
DA:175,2
DA:176,5
DA:177,1
DA:178,5
DA:183,1
DA:184,1
DA:185,2
DA:186,2
DA:187,2
DA:188,2
DA:189,2
DA:190,1
DA:195,2
DA:198,1
DA:199,1
DA:203,7
DA:204,14
DA:205,14
DA:206,14
DA:207,14
DA:208,7
DA:209,7
DA:213,3
DA:216,27
DA:219,1
DA:220,1
DA:223,2
DA:224,2
DA:226,0
DA:227,1
DA:228,0
DA:229,1
DA:230,0
DA:235,3
DA:236,1
DA:237,0
DA:238,0
DA:243,3
DA:244,3
DA:245,3
DA:247,1
DA:248,0
DA:250,1
DA:251,3
DA:253,1
DA:254,0
DA:256,1
DA:257,0
DA:271,7
DA:272,14
DA:274,14
DA:275,28
DA:276,14
DA:277,28
DA:278,7
DA:286,1
DA:287,2
DA:288,1
DA:292,2
DA:293,4
DA:297,3
DA:300,1
DA:302,2
DA:303,4
DA:307,4
DA:308,2
DA:309,4
DA:310,1
DA:317,1
DA:318,2
DA:319,3
DA:324,7
DA:325,14
DA:329,1
DA:330,1
DA:331,3
DA:332,1
DA:333,3
DA:336,1
DA:337,2
DA:338,1
LF:160
LH:143
end_of_record
SF:lib/data/model/expense_location.dart
DA:7,0
DA:14,0
DA:15,0
DA:16,0
DA:17,0
DA:18,0
DA:19,0
DA:23,0
DA:24,0
DA:25,0
DA:26,0
DA:27,0
DA:30,0
DA:32,0
DA:33,0
DA:34,0
DA:35,0
DA:39,0
DA:45,0
DA:46,0
DA:47,0
DA:48,0
DA:49,0
DA:53,0
DA:56,0
DA:57,0
DA:58,0
DA:59,0
DA:60,0
DA:61,0
DA:63,0
DA:65,0
DA:66,0
DA:67,0
DA:68,0
LF:35
LH:0
end_of_record
SF:lib/manager/group/data/group_form_state.dart
DA:24,0
DA:26,6
DA:28,2
DA:29,4
DA:30,2
DA:31,2
DA:34,0
DA:35,0
DA:36,0
DA:37,0
DA:40,3
DA:41,6
DA:42,3
DA:45,0
DA:46,0
DA:47,0
DA:50,1
DA:51,2
DA:52,1
DA:55,2
DA:56,4
DA:57,2
DA:60,0
DA:61,0
DA:62,0
DA:65,1
DA:66,2
DA:67,1
DA:70,0
DA:71,0
DA:72,0
DA:73,0
DA:76,0
DA:77,0
DA:78,0
DA:79,0
DA:82,0
DA:83,0
DA:84,0
DA:87,4
DA:88,4
DA:89,4
DA:90,4
DA:93,4
DA:94,4
DA:95,4
DA:96,4
DA:99,2
DA:100,4
DA:101,2
DA:102,2
DA:105,1
DA:106,2
DA:107,1
DA:108,1
DA:112,4
DA:113,4
DA:114,4
DA:117,10
LF:59
LH:37
end_of_record
SF:lib/settings/user_name_notifier.dart
DA:8,2
DA:10,1
DA:11,1
DA:14,1
DA:15,1
DA:16,2
DA:17,1
DA:20,1
DA:21,2
DA:22,1
DA:23,2
DA:24,1
DA:27,3
LF:13
LH:13
end_of_record
SF:lib/manager/details/pages/tabs/usecase/daily_totals_utils.dart
DA:6,3
DA:11,12
DA:12,3
DA:13,6
DA:14,3
DA:15,6
DA:16,6
DA:17,9
DA:24,2
DA:25,2
DA:26,8
DA:27,8
DA:28,2
DA:32,2
DA:33,2
DA:34,10
DA:35,6
DA:36,2
DA:41,2
DA:42,4
DA:43,2
DA:44,2
DA:45,8
DA:46,8
DA:47,2
DA:48,6
DA:49,2
DA:50,2
DA:60,3
DA:61,3
DA:62,3
DA:64,3
DA:65,9
DA:66,3
LF:34
LH:34
end_of_record
SF:lib/manager/details/pages/tabs/usecase/settlements_logic.dart
DA:9,1
DA:15,0
DA:16,0
DA:17,0
DA:18,0
DA:19,0
DA:22,0
DA:23,0
DA:24,0
DA:25,0
DA:28,0
DA:30,0
DA:32,0
DA:35,0
DA:36,0
DA:37,0
DA:38,0
DA:39,0
DA:41,0
DA:42,0
DA:47,1
DA:48,6
DA:51,1
DA:52,2
DA:54,3
DA:56,3
DA:58,2
DA:59,2
DA:61,2
DA:62,1
DA:63,8
DA:66,2
DA:67,5
DA:70,1
DA:71,1
DA:72,2
DA:73,1
DA:74,2
DA:75,2
DA:76,3
DA:79,1
DA:80,5
DA:82,1
DA:85,4
DA:86,1
DA:87,1
DA:88,4
DA:89,4
DA:90,5
DA:91,5
DA:92,4
DA:93,4
LF:52
LH:33
end_of_record
SF:lib/manager/group/group_form_controller.dart
DA:19,5
DA:21,4
DA:22,8
DA:25,12
DA:26,12
DA:27,8
DA:28,4
DA:29,20
DA:30,8
DA:31,4
DA:32,20
DA:33,12
DA:34,12
DA:35,16
DA:36,12
DA:37,12
DA:39,12
DA:40,8
DA:43,4
DA:45,8
DA:46,4
DA:47,4
DA:52,0
DA:55,4
DA:57,4
DA:59,0
DA:66,1
DA:67,2
DA:68,0
DA:69,0
DA:70,0
DA:71,0
DA:72,0
DA:73,0
DA:74,0
DA:76,2
DA:77,2
DA:78,4
DA:79,8
DA:82,6
DA:83,4
DA:84,8
DA:86,6
DA:87,4
DA:88,8
DA:90,5
DA:91,0
DA:94,4
DA:95,4
DA:99,1
DA:100,2
DA:106,2
DA:107,2
DA:108,0
DA:110,0
DA:112,0
DA:114,0
DA:115,0
DA:119,0
DA:120,0
DA:125,1
DA:126,3
DA:127,2
DA:128,3
DA:132,6
DA:134,6
DA:135,2
DA:136,2
DA:137,3
DA:138,2
DA:139,2
DA:140,3
DA:143,2
DA:144,1
DA:150,2
DA:151,2
DA:157,1
DA:158,1
DA:159,3
DA:160,6
DA:161,2
DA:162,2
DA:163,3
DA:164,0
DA:165,0
DA:168,1
DA:169,0
DA:170,0
DA:177,1
DA:178,1
DA:179,3
DA:180,6
DA:181,2
DA:182,2
DA:183,3
DA:184,0
DA:185,0
DA:188,1
DA:189,0
DA:190,0
DA:197,0
DA:201,1
DA:202,1
DA:205,3
DA:208,2
DA:212,0
DA:213,0
DA:215,0
DA:217,0
DA:218,0
DA:223,1
DA:224,5
DA:225,3
DA:227,2
DA:228,2
DA:232,1
DA:233,3
DA:234,1
DA:235,2
DA:238,0
DA:245,1
DA:246,5
DA:247,3
DA:248,2
DA:249,2
DA:253,1
DA:254,3
DA:255,1
DA:256,2
DA:259,0
DA:264,2
DA:266,4
DA:267,2
DA:268,6
DA:269,6
DA:270,4
DA:271,6
DA:272,2
DA:274,0
DA:277,4
DA:283,3
DA:284,6
DA:287,3
DA:288,3
DA:289,2
DA:292,0
DA:297,6
DA:298,6
DA:299,6
LF:149
LH:114
end_of_record
SF:lib/state/expense_group_notifier.dart
DA:13,4
DA:16,0
DA:19,2
DA:20,4
DA:22,0
DA:24,0
DA:25,0
DA:26,0
DA:30,2
DA:31,2
DA:32,2
DA:35,0
DA:36,0
DA:37,0
DA:38,0
DA:42,0
DA:44,0
DA:45,0
DA:49,0
DA:50,0
DA:53,0
DA:57,0
DA:59,0
DA:63,1
DA:64,1
DA:67,6
DA:68,1
DA:70,1
DA:74,3
DA:75,2
DA:78,3
DA:81,1
DA:82,1
DA:85,1
DA:89,2
DA:91,0
DA:96,0
DA:97,0
DA:100,0
DA:101,0
DA:104,0
DA:105,0
DA:108,0
DA:113,0
DA:114,0
DA:118,0
DA:119,0
DA:123,0
DA:124,0
DA:125,0
DA:127,0
DA:131,0
DA:132,0
DA:133,0
DA:135,0
LF:55
LH:18
end_of_record
SF:lib/home/cards/widgets/group_card_content.dart
DA:32,1
DA:41,1
DA:42,1
DA:43,1
DA:46,3
DA:48,0
DA:50,0
DA:55,1
DA:56,2
DA:57,2
DA:58,3
DA:60,0
DA:64,0
DA:66,0
DA:67,0
DA:69,0
DA:72,0
DA:73,0
DA:74,0
DA:75,0
DA:77,0
DA:79,0
DA:80,0
DA:82,0
DA:83,0
DA:87,0
DA:88,0
DA:93,0
DA:94,0
DA:96,0
DA:97,0
DA:99,0
DA:102,0
DA:104,0
DA:105,0
DA:111,0
DA:113,0
DA:118,0
DA:120,0
DA:123,0
DA:125,0
DA:126,0
DA:127,0
DA:129,0
DA:131,1
DA:133,1
DA:134,1
DA:136,4
DA:137,0
DA:138,1
DA:140,1
DA:142,1
DA:143,1
DA:144,1
DA:145,1
DA:148,1
DA:150,1
DA:157,1
DA:158,1
DA:160,1
DA:161,1
DA:162,1
DA:163,1
DA:164,4
DA:175,1
DA:177,1
DA:178,0
DA:179,0
DA:183,1
DA:185,1
DA:187,1
DA:188,1
DA:189,1
DA:190,1
DA:191,1
DA:194,3
DA:197,1
DA:198,1
DA:199,2
DA:200,4
DA:201,3
DA:206,0
DA:207,1
DA:208,0
DA:210,0
DA:211,0
DA:214,0
DA:216,0
DA:217,0
DA:218,0
DA:219,0
DA:231,1
DA:232,1
DA:233,2
DA:235,3
DA:238,1
DA:240,1
DA:241,1
DA:242,1
DA:243,1
DA:245,1
DA:252,3
DA:260,1
DA:261,2
DA:263,1
DA:266,2
DA:267,1
DA:268,2
DA:271,0
DA:272,0
DA:273,0
DA:277,3
DA:278,1
DA:280,2
DA:282,3
DA:285,1
DA:289,1
DA:290,2
DA:291,1
DA:292,1
DA:293,1
DA:294,1
DA:295,4
DA:296,4
DA:297,4
DA:299,4
DA:302,1
DA:303,1
DA:304,1
DA:305,4
DA:307,1
DA:308,1
DA:310,1
DA:312,1
DA:313,1
DA:314,3
DA:315,4
DA:320,1
DA:322,1
DA:334,1
DA:336,1
DA:337,1
DA:338,3
DA:339,4
DA:344,1
DA:346,1
DA:361,1
DA:363,1
DA:364,1
DA:368,0
DA:371,1
DA:372,1
DA:373,1
DA:374,3
DA:377,1
DA:383,1
DA:384,1
DA:386,1
DA:387,2
DA:392,0
DA:394,0
DA:395,0
DA:398,0
DA:400,0
DA:402,0
DA:405,0
DA:412,1
DA:413,1
DA:414,1
DA:416,1
DA:417,1
DA:418,1
DA:419,0
DA:420,1
DA:421,3
DA:422,4
DA:428,1
DA:429,1
DA:432,1
DA:434,1
DA:435,3
LF:181
LH:122
end_of_record
SF:lib/config/app_config.dart
DA:6,1
DA:10,1
DA:12,1
DA:13,1
DA:14,1
DA:16,1
DA:18,1
DA:23,0
DA:24,0
DA:25,0
DA:27,0
DA:29,0
DA:34,3
LF:13
LH:8
end_of_record
SF:lib/config/app_icons.dart
DA:6,0
LF:1
LH:0
end_of_record
SF:lib/home/cards/home_cards_section.dart
DA:18,0
DA:26,0
DA:27,0
DA:35,0
DA:37,0
DA:38,0
DA:39,0
DA:40,0
DA:42,0
DA:46,0
DA:48,0
DA:51,0
DA:52,0
DA:53,0
DA:56,0
DA:58,0
DA:59,0
DA:62,0
DA:64,0
DA:66,0
DA:67,0
DA:71,0
DA:72,0
DA:73,0
DA:74,0
DA:75,0
DA:76,0
DA:77,0
DA:78,0
DA:81,0
DA:82,0
DA:87,0
DA:88,0
DA:89,0
DA:91,0
DA:93,0
DA:94,0
DA:98,0
DA:99,0
DA:101,0
DA:102,0
DA:107,0
DA:109,0
DA:110,0
DA:112,0
DA:113,0
DA:118,0
DA:122,0
DA:127,0
DA:129,0
DA:130,0
DA:131,0
DA:132,0
DA:134,0
DA:140,0
DA:141,0
DA:142,0
DA:147,0
DA:151,0
DA:153,0
DA:154,0
DA:155,0
DA:157,0
DA:159,0
DA:160,0
DA:163,0
DA:165,0
DA:167,0
DA:171,0
DA:172,0
DA:177,0
DA:179,0
DA:180,0
DA:181,0
DA:184,0
DA:185,0
DA:186,0
DA:188,0
DA:190,0
DA:192,0
DA:195,0
DA:197,0
DA:199,0
DA:203,0
DA:205,0
DA:207,0
DA:208,0
DA:211,0
DA:212,0
DA:213,0
DA:214,0
DA:217,0
DA:218,0
DA:221,0
DA:222,0
DA:223,0
DA:225,0
DA:226,0
DA:232,0
LF:99
LH:0
end_of_record
SF:lib/home/cards/widgets/empty_groups_state.dart
DA:12,0
DA:20,0
DA:22,0
DA:23,0
DA:25,0
DA:27,0
DA:50,0
DA:52,0
DA:56,0
DA:61,0
DA:62,0
DA:63,0
DA:65,0
DA:70,0
DA:71,0
DA:72,0
DA:73,0
DA:77,0
DA:79,0
DA:80,0
DA:81,0
DA:82,0
DA:87,0
DA:88,0
DA:89,0
DA:90,0
DA:91,0
DA:92,0
DA:96,0
DA:97,0
DA:101,0
DA:102,0
LF:32
LH:0
end_of_record
SF:lib/manager/group/pages/expenses_group_edit_page.dart
DA:34,1
DA:41,0
DA:43,0
DA:44,0
DA:45,0
DA:46,0
DA:51,0
DA:52,0
DA:55,0
DA:56,0
DA:57,0
DA:58,0
DA:68,0
DA:73,0
DA:74,0
DA:81,0
DA:82,0
DA:84,0
DA:86,0
DA:87,0
DA:88,0
DA:89,0
DA:90,0
DA:93,0
DA:95,0
DA:96,0
DA:97,0
DA:98,0
DA:99,0
DA:100,0
DA:101,0
DA:109,0
DA:110,0
DA:111,0
DA:112,0
DA:113,0
DA:115,0
DA:116,0
DA:117,0
DA:118,0
DA:122,0
DA:124,0
DA:126,0
DA:127,0
DA:128,0
DA:135,0
DA:140,0
DA:141,0
DA:142,0
DA:143,0
DA:148,0
DA:150,0
DA:152,0
DA:157,0
DA:158,0
DA:159,0
DA:160,0
DA:162,0
DA:163,0
DA:164,0
DA:166,0
DA:167,0
DA:168,0
DA:169,0
DA:173,0
DA:174,0
DA:175,0
DA:176,0
DA:180,0
DA:182,0
DA:183,0
DA:184,0
DA:186,0
DA:187,0
DA:188,0
DA:190,0
DA:191,0
DA:193,0
DA:194,0
DA:196,0
DA:199,0
DA:200,0
DA:201,0
DA:202,0
DA:203,0
DA:205,0
DA:206,0
DA:211,0
DA:212,0
DA:213,0
DA:217,0
DA:218,0
DA:219,0
DA:220,0
DA:221,0
DA:223,0
DA:224,0
DA:225,0
DA:226,0
DA:227,0
DA:228,0
DA:229,0
DA:230,0
DA:231,0
DA:232,0
DA:233,0
DA:234,0
DA:237,0
DA:239,0
DA:240,0
DA:242,0
DA:243,0
DA:246,0
DA:247,0
DA:248,0
DA:249,0
DA:251,0
DA:252,0
DA:253,0
DA:254,0
DA:255,0
DA:257,0
DA:263,0
DA:264,0
DA:266,0
DA:267,0
DA:268,0
DA:269,0
DA:270,0
DA:272,0
DA:283,0
DA:284,0
DA:285,0
DA:288,0
DA:290,0
DA:291,0
DA:293,0
DA:294,0
DA:295,0
DA:296,0
DA:301,0
DA:302,0
DA:303,0
DA:304,0
DA:305,0
DA:306,0
DA:307,0
DA:308,0
DA:309,0
DA:311,0
DA:313,0
DA:314,0
DA:315,0
DA:318,0
DA:320,0
DA:322,0
DA:324,0
DA:334,0
DA:337,0
DA:339,0
DA:340,0
DA:354,0
DA:356,0
DA:357,0
DA:358,0
DA:359,0
DA:377,0
DA:378,0
DA:379,0
DA:380,0
DA:381,0
DA:382,0
DA:383,0
DA:384,0
DA:385,0
DA:387,0
DA:391,0
DA:392,0
DA:394,0
DA:395,0
DA:396,0
DA:402,0
DA:405,0
DA:414,0
DA:417,0
DA:418,0
DA:419,0
DA:420,0
LF:188
LH:1
end_of_record
SF:lib/home/cards/widgets/group_card.dart
DA:17,0
DA:28,0
DA:29,0
DA:30,0
DA:31,0
DA:34,0
DA:36,0
DA:37,0
DA:38,0
DA:42,0
DA:44,0
DA:47,0
DA:49,0
DA:51,0
DA:52,0
DA:55,0
DA:59,0
DA:62,0
DA:66,0
DA:70,0
DA:73,0
DA:74,0
DA:75,0
DA:76,0
DA:77,0
DA:80,0
DA:81,0
DA:84,0
DA:85,0
DA:86,0
DA:87,0
DA:88,0
DA:89,0
LF:33
LH:0
end_of_record
SF:lib/manager/details/pages/expense_group_detail_page.dart
DA:38,0
DA:40,0
DA:41,0
DA:53,0
DA:54,0
DA:55,0
DA:56,0
DA:57,0
DA:58,0
DA:59,0
DA:61,0
DA:62,0
DA:63,0
DA:64,0
DA:65,0
DA:78,0
DA:80,0
DA:81,0
DA:82,0
DA:83,0
DA:86,0
DA:88,0
DA:91,0
DA:94,0
DA:95,0
DA:98,0
DA:101,0
DA:102,0
DA:103,0
DA:104,0
DA:105,0
DA:106,0
DA:109,0
DA:110,0
DA:113,0
DA:114,0
DA:115,0
DA:116,0
DA:122,0
DA:123,0
DA:124,0
DA:125,0
DA:126,0
DA:127,0
DA:129,0
DA:130,0
DA:135,0
DA:136,0
DA:137,0
DA:138,0
DA:139,0
DA:140,0
DA:143,0
DA:144,0
DA:145,0
DA:146,0
DA:150,0
DA:151,0
DA:152,0
DA:154,0
DA:155,0
DA:156,0
DA:157,0
DA:158,0
DA:159,0
DA:160,0
DA:161,0
DA:162,0
DA:164,0
DA:170,0
DA:173,0
DA:174,0
DA:180,0
DA:181,0
DA:183,0
DA:189,0
DA:190,0
DA:191,0
DA:192,0
DA:193,0
DA:194,0
DA:196,0
DA:197,0
DA:199,0
DA:204,0
DA:205,0
DA:206,0
DA:207,0
DA:208,0
DA:209,0
DA:210,0
DA:211,0
DA:213,0
DA:219,0
DA:220,0
DA:221,0
DA:222,0
DA:223,0
DA:224,0
DA:225,0
DA:226,0
DA:227,0
DA:228,0
DA:231,0
DA:232,0
DA:234,0
DA:235,0
DA:236,0
DA:237,0
DA:238,0
DA:239,0
DA:240,0
DA:241,0
DA:243,0
DA:249,0
DA:252,0
DA:253,0
DA:259,0
DA:260,0
DA:262,0
DA:268,0
DA:269,0
DA:270,0
DA:271,0
DA:272,0
DA:273,0
DA:275,0
DA:276,0
DA:278,0
DA:283,0
DA:284,0
DA:285,0
DA:286,0
DA:287,0
DA:288,0
DA:289,0
DA:290,0
DA:292,0
DA:298,0
DA:299,0
DA:300,0
DA:301,0
DA:302,0
DA:303,0
DA:304,0
DA:305,0
DA:306,0
DA:307,0
DA:310,0
DA:311,0
DA:317,0
DA:318,0
DA:319,0
DA:321,0
DA:322,0
DA:323,0
DA:324,0
DA:325,0
DA:327,0
DA:328,0
DA:329,0
DA:330,0
DA:332,0
DA:333,0
DA:334,0
DA:336,0
DA:337,0
DA:338,0
DA:340,0
DA:341,0
DA:342,0
DA:344,0
DA:345,0
DA:346,0
DA:347,0
DA:348,0
DA:349,0
DA:350,0
DA:351,0
DA:352,0
DA:353,0
DA:356,0
DA:358,0
DA:359,0
DA:360,0
DA:361,0
DA:362,0
DA:363,0
DA:365,0
DA:366,0
DA:367,0
DA:368,0
DA:369,0
DA:370,0
DA:371,0
DA:373,0
DA:376,0
DA:377,0
DA:378,0
DA:380,0
DA:381,0
DA:383,0
DA:385,0
DA:387,0
DA:388,0
DA:393,0
DA:395,0
DA:397,0
DA:398,0
DA:400,0
DA:401,0
DA:402,0
DA:409,0
DA:410,0
DA:411,0
DA:412,0
DA:414,0
DA:416,0
DA:417,0
DA:421,0
DA:422,0
DA:423,0
DA:430,0
DA:431,0
DA:432,0
DA:434,0
DA:435,0
DA:437,0
DA:439,0
DA:440,0
DA:441,0
DA:443,0
DA:444,0
DA:445,0
DA:446,0
DA:450,0
DA:451,0
DA:456,0
DA:457,0
DA:459,0
DA:460,0
DA:462,0
DA:465,0
DA:467,0
DA:468,0
DA:469,0
DA:474,0
DA:475,0
DA:476,0
DA:481,0
DA:482,0
DA:483,0
DA:485,0
DA:486,0
DA:488,0
DA:490,0
DA:491,0
DA:493,0
DA:494,0
DA:495,0
DA:496,0
DA:499,0
DA:500,0
DA:505,0
DA:506,0
DA:508,0
DA:509,0
DA:511,0
DA:514,0
DA:516,0
DA:517,0
DA:518,0
DA:520,0
DA:521,0
DA:522,0
DA:526,0
DA:527,0
DA:528,0
DA:533,0
DA:534,0
DA:536,0
DA:537,0
DA:538,0
DA:540,0
DA:541,0
DA:542,0
DA:543,0
DA:546,0
DA:547,0
DA:549,0
DA:553,0
DA:554,0
DA:555,0
DA:559,0
DA:560,0
DA:561,0
DA:570,0
DA:571,0
DA:574,0
DA:576,0
DA:579,0
DA:580,0
DA:583,0
DA:584,0
DA:586,0
DA:587,0
DA:593,0
DA:595,0
DA:598,0
DA:602,0
DA:603,0
DA:605,0
DA:607,0
DA:609,0
DA:610,0
DA:611,0
DA:612,0
DA:613,0
DA:618,0
DA:619,0
DA:623,0
DA:628,0
DA:629,0
DA:631,0
DA:632,0
DA:640,0
DA:642,0
DA:645,0
DA:646,0
DA:650,0
DA:654,0
DA:656,0
DA:658,0
DA:662,0
DA:664,0
DA:667,0
DA:668,0
DA:670,0
DA:672,0
DA:673,0
DA:675,0
DA:677,0
DA:678,0
DA:679,0
DA:681,0
DA:684,0
DA:685,0
DA:686,0
DA:687,0
DA:689,0
DA:701,0
DA:702,0
DA:704,0
DA:705,0
DA:707,0
DA:708,0
DA:713,0
DA:715,0
DA:717,0
DA:718,0
DA:719,0
DA:720,0
DA:721,0
DA:722,0
DA:723,0
DA:724,0
DA:725,0
DA:726,0
DA:729,0
DA:737,0
DA:739,0
DA:740,0
DA:741,0
DA:742,0
DA:748,0
LF:375
LH:0
end_of_record
SF:lib/widgets/charts/weekly_expense_chart.dart
DA:10,1
DA:16,1
DA:18,4
DA:23,0
DA:25,0
DA:26,0
DA:28,0
DA:33,0
DA:34,0
DA:35,0
DA:37,0
DA:38,0
DA:39,0
DA:40,0
DA:43,0
DA:46,0
DA:48,0
DA:56,0
LF:18
LH:3
end_of_record
SF:lib/widgets/charts/monthly_expense_chart.dart
DA:10,1
DA:16,1
DA:18,4
DA:23,1
DA:25,1
DA:26,2
DA:28,2
DA:33,1
DA:34,1
DA:35,2
DA:36,5
DA:38,1
DA:40,1
DA:41,1
DA:42,1
DA:43,1
DA:46,4
DA:49,1
DA:51,4
DA:59,1
LF:20
LH:20
end_of_record
SF:lib/widgets/charts/date_range_expense_chart.dart
DA:8,2
DA:14,2
DA:19,2
DA:20,4
DA:21,10
DA:23,2
DA:25,2
DA:26,2
DA:27,2
DA:28,2
DA:31,8
DA:34,2
DA:36,8
DA:44,2
LF:14
LH:14
end_of_record
SF:lib/manager/details/widgets/expense_entry_sheet.dart
DA:17,0
DA:27,0
DA:28,0
DA:34,0
DA:36,0
DA:37,0
DA:40,0
DA:42,0
DA:43,0
DA:46,0
DA:48,0
DA:49,0
DA:52,0
DA:53,0
DA:55,0
DA:57,0
DA:58,0
DA:59,0
DA:60,0
DA:61,0
DA:62,0
DA:63,0
DA:64,0
DA:66,0
DA:67,0
DA:68,0
DA:69,0
DA:70,0
DA:71,0
DA:72,0
LF:30
LH:0
end_of_record
SF:lib/widgets/app_toast.dart
DA:8,0
DA:10,2
DA:20,2
DA:22,2
DA:23,0
DA:34,0
DA:35,2
DA:45,2
DA:46,2
DA:48,2
DA:49,2
DA:50,0
DA:51,0
DA:52,0
DA:53,0
DA:61,0
DA:68,0
DA:70,0
DA:81,2
DA:89,2
DA:90,2
DA:97,2
DA:98,2
DA:99,2
DA:102,0
DA:103,0
DA:104,0
DA:107,0
DA:108,0
DA:109,0
DA:114,2
DA:115,2
DA:116,2
DA:117,2
DA:119,4
DA:120,2
DA:122,2
DA:123,2
DA:127,2
DA:130,2
DA:131,2
DA:133,6
DA:144,2
DA:145,2
DA:146,2
DA:147,4
LF:46
LH:30
end_of_record
SF:lib/widgets/currency_display.dart
DA:13,3
DA:25,3
DA:28,10
DA:30,3
DA:31,3
DA:34,3
DA:35,3
DA:36,3
DA:37,2
DA:38,1
DA:40,4
DA:41,4
DA:42,1
DA:43,1
DA:50,3
DA:51,3
DA:52,12
DA:53,9
DA:54,3
DA:61,2
DA:63,2
DA:64,2
DA:65,8
DA:67,2
DA:70,2
DA:71,2
DA:72,2
DA:74,8
DA:75,5
DA:76,2
DA:77,2
DA:80,2
DA:81,2
DA:83,8
DA:84,5
DA:85,2
LF:36
LH:36
end_of_record
SF:lib/home/cards/widgets/home_cards_header.dart
DA:10,0
DA:17,0
DA:18,0
DA:19,0
DA:20,0
DA:21,0
DA:22,0
DA:23,0
DA:35,0
DA:36,0
DA:38,0
DA:39,0
DA:40,0
DA:43,0
DA:44,0
DA:45,0
DA:46,0
DA:47,0
DA:48,0
DA:51,0
DA:54,0
DA:56,0
DA:59,0
DA:60,0
DA:64,0
DA:68,0
DA:70,0
DA:72,0
DA:74,0
DA:77,0
DA:78,0
DA:81,0
DA:82,0
DA:84,0
DA:90,0
DA:91,0
DA:92,0
DA:93,0
DA:94,0
DA:95,0
DA:97,0
DA:99,0
DA:102,0
DA:103,0
DA:104,0
DA:107,0
DA:108,0
DA:110,0
DA:112,0
DA:114,0
DA:117,0
DA:118,0
DA:122,0
DA:124,0
DA:142,0
LF:55
LH:0
end_of_record
SF:lib/home/cards/widgets/horizontal_groups_list.dart
DA:15,0
DA:24,0
DA:25,0
DA:33,0
DA:34,0
DA:35,0
DA:36,0
DA:41,0
DA:43,0
DA:44,0
DA:45,0
DA:46,0
DA:49,0
DA:51,0
DA:53,0
DA:54,0
DA:58,0
DA:59,0
DA:60,0
DA:61,0
DA:62,0
DA:63,0
DA:64,0
DA:65,0
DA:66,0
DA:67,0
DA:73,0
DA:77,0
DA:79,0
DA:81,0
DA:85,0
DA:86,0
DA:89,0
DA:91,0
DA:92,0
DA:93,0
DA:96,0
DA:99,0
DA:101,0
DA:104,0
DA:105,0
DA:107,0
DA:108,0
DA:111,0
DA:112,0
DA:115,0
DA:120,0
DA:121,0
DA:122,0
DA:123,0
DA:125,0
DA:131,0
DA:132,0
DA:135,0
DA:140,0
DA:142,0
DA:143,0
DA:144,0
DA:145,0
DA:147,0
LF:60
LH:0
end_of_record
SF:lib/home/cards/widgets/new_group_card.dart
DA:14,0
DA:23,0
DA:24,0
DA:27,0
DA:29,0
DA:30,0
DA:31,0
DA:34,0
DA:37,0
DA:40,0
DA:44,0
DA:47,0
DA:48,0
DA:49,0
DA:50,0
DA:54,0
DA:55,0
DA:58,0
DA:63,0
DA:64,0
DA:67,0
DA:68,0
DA:71,0
DA:74,0
DA:75,0
DA:76,0
DA:79,0
DA:84,0
DA:85,0
DA:86,0
DA:87,0
LF:31
LH:0
end_of_record
SF:lib/widgets/base_card.dart
DA:16,1
DA:30,1
DA:32,1
DA:33,1
DA:34,1
DA:37,1
DA:38,0
DA:39,0
DA:44,0
DA:46,0
DA:47,0
DA:49,0
DA:50,0
DA:54,0
DA:55,0
DA:56,0
DA:60,0
DA:62,0
DA:63,0
DA:64,0
DA:65,0
DA:71,1
DA:72,1
DA:74,2
DA:75,0
DA:76,0
DA:80,1
DA:82,0
DA:83,0
DA:84,0
DA:85,0
DA:92,1
DA:93,1
DA:94,1
DA:96,1
DA:99,1
DA:100,0
DA:102,0
LF:38
LH:15
end_of_record
SF:lib/home/cards/widgets/simple_bottom_bar.dart
DA:10,0
DA:16,0
DA:18,0
DA:21,0
DA:24,0
DA:26,0
DA:27,0
DA:28,0
DA:29,0
DA:32,0
DA:33,0
DA:38,0
DA:39,0
DA:40,0
DA:50,0
DA:51,0
DA:52,0
DA:54,0
DA:55,0
DA:60,0
DA:61,0
DA:62,0
LF:22
LH:0
end_of_record
SF:lib/manager/history/expenses_history_page.dart
DA:18,1
DA:20,0
DA:21,0
DA:42,0
DA:44,0
DA:45,0
DA:46,0
DA:47,0
DA:50,0
DA:53,0
DA:55,0
DA:56,0
DA:57,0
DA:58,0
DA:59,0
DA:67,0
DA:69,0
DA:70,0
DA:71,0
DA:72,0
DA:73,0
DA:74,0
DA:75,0
DA:76,0
DA:79,0
DA:81,0
DA:84,0
DA:85,0
DA:86,0
DA:89,0
DA:90,0
DA:91,0
DA:93,0
DA:95,0
DA:97,0
DA:98,0
DA:102,0
DA:103,0
DA:106,0
DA:110,0
DA:111,0
DA:112,0
DA:116,0
DA:120,0
DA:121,0
DA:122,0
DA:123,0
DA:124,0
DA:128,0
DA:129,0
DA:130,0
DA:131,0
DA:139,0
DA:142,0
DA:144,0
DA:145,0
DA:146,0
DA:148,0
DA:151,0
DA:152,0
DA:153,0
DA:158,0
DA:159,0
DA:160,0
DA:161,0
DA:162,0
DA:163,0
DA:164,0
DA:165,0
DA:167,0
DA:168,0
DA:169,0
DA:173,0
DA:174,0
DA:177,0
DA:178,0
DA:181,0
DA:182,0
DA:183,0
DA:184,0
DA:185,0
DA:186,0
DA:187,0
DA:193,0
DA:195,0
DA:196,0
DA:197,0
DA:198,0
DA:202,0
DA:204,0
DA:205,0
DA:206,0
DA:215,0
DA:216,0
DA:217,0
DA:218,0
DA:221,0
DA:222,0
DA:226,0
DA:227,0
DA:228,0
DA:229,0
DA:230,0
DA:231,0
DA:232,0
DA:239,0
DA:241,0
DA:243,0
DA:244,0
DA:247,0
DA:248,0
DA:249,0
DA:250,0
DA:251,0
DA:253,0
DA:254,0
DA:255,0
DA:257,0
DA:258,0
DA:259,0
DA:263,0
DA:264,0
DA:265,0
DA:266,0
DA:267,0
DA:268,0
DA:273,0
DA:275,0
DA:276,0
DA:278,0
DA:280,0
DA:281,0
DA:282,0
DA:283,0
DA:284,0
DA:286,0
DA:287,0
DA:288,0
DA:294,0
DA:296,0
DA:298,0
DA:299,0
DA:301,0
DA:302,0
DA:303,0
DA:304,0
DA:306,0
DA:307,0
DA:308,0
DA:309,0
DA:310,0
DA:311,0
DA:316,0
DA:317,0
DA:318,0
DA:322,0
DA:323,0
DA:324,0
DA:325,0
DA:333,0
DA:337,0
DA:340,0
DA:341,0
DA:342,0
DA:344,0
DA:350,0
DA:352,0
DA:355,0
DA:356,0
DA:358,0
DA:359,0
DA:360,0
DA:361,0
DA:362,0
DA:363,0
DA:364,0
DA:365,0
DA:370,0
DA:371,0
DA:375,0
DA:376,0
DA:378,0
DA:379,0
DA:380,0
DA:381,0
DA:383,0
DA:384,0
LF:187
LH:1
end_of_record
SF:lib/settings/pages/settings_page.dart
DA:22,1
DA:24,0
DA:26,0
DA:27,0
DA:28,0
DA:29,0
DA:30,0
DA:32,0
DA:33,0
DA:37,0
DA:39,0
DA:40,0
DA:41,0
DA:42,0
DA:43,0
DA:51,0
DA:56,0
DA:57,0
DA:58,0
DA:59,0
DA:60,0
DA:62,0
DA:64,0
DA:69,0
DA:70,0
DA:71,0
DA:72,0
DA:73,0
DA:74,0
DA:78,0
DA:79,0
DA:80,0
DA:81,0
DA:82,0
DA:86,0
DA:87,0
DA:88,0
DA:89,0
DA:90,0
DA:91,0
DA:93,0
DA:99,0
DA:100,0
DA:101,0
DA:102,0
DA:103,0
DA:105,0
DA:108,0
DA:110,0
DA:111,0
DA:113,0
DA:114,0
DA:115,0
DA:116,0
DA:117,0
DA:118,0
DA:121,0
DA:128,0
DA:133,0
DA:134,0
DA:135,0
DA:136,0
DA:139,0
DA:141,0
DA:142,0
DA:144,0
DA:145,0
DA:147,0
DA:152,0
DA:153,0
DA:154,0
DA:156,0
DA:158,0
DA:159,0
DA:160,0
DA:162,0
DA:165,0
DA:167,0
DA:168,0
DA:170,0
DA:171,0
DA:173,0
DA:178,0
DA:179,0
DA:180,0
DA:181,0
DA:183,0
DA:184,0
DA:185,0
DA:186,0
DA:188,0
DA:189,0
DA:190,0
DA:191,0
DA:192,0
DA:194,0
DA:195,0
DA:196,0
DA:198,0
DA:199,0
DA:200,0
DA:202,0
DA:203,0
DA:204,0
DA:205,0
DA:206,0
DA:208,0
DA:209,0
DA:210,0
DA:211,0
DA:212,0
DA:222,0
DA:223,0
DA:224,0
DA:225,0
DA:227,0
DA:228,0
DA:230,0
DA:231,0
DA:233,0
DA:235,0
DA:240,0
DA:241,0
DA:242,0
DA:243,0
DA:245,0
DA:246,0
DA:248,0
DA:249,0
DA:250,0
DA:251,0
DA:254,0
DA:256,0
DA:261,0
DA:262,0
DA:263,0
DA:264,0
DA:266,0
DA:267,0
DA:269,0
DA:270,0
DA:272,0
DA:274,0
DA:282,0
DA:284,0
DA:285,0
DA:291,0
DA:293,0
DA:294,0
DA:295,0
DA:296,0
DA:297,0
DA:298,0
DA:299,0
DA:300,0
DA:303,0
DA:308,0
DA:313,0
DA:318,0
DA:319,0
DA:320,0
DA:321,0
DA:322,0
DA:323,0
DA:324,0
DA:326,0
DA:327,0
DA:328,0
DA:330,0
DA:331,0
DA:332,0
DA:333,0
DA:335,0
DA:336,0
DA:339,0
DA:341,0
DA:342,0
DA:348,0
DA:349,0
DA:351,0
DA:353,0
DA:354,0
DA:356,0
DA:367,0
DA:369,0
DA:370,0
DA:371,0
DA:372,0
DA:373,0
DA:375,0
DA:380,0
DA:381,0
DA:382,0
DA:383,0
DA:385,0
DA:386,0
DA:387,0
DA:388,0
DA:389,0
DA:392,0
DA:395,0
DA:396,0
DA:399,0
DA:401,0
DA:402,0
DA:408,0
DA:409,0
DA:410,0
DA:420,0
DA:421,0
DA:423,0
DA:425,0
DA:426,0
DA:427,0
DA:428,0
DA:431,0
DA:432,0
DA:438,0
DA:439,0
DA:440,0
DA:441,0
DA:443,0
DA:444,0
DA:445,0
DA:446,0
DA:448,0
LF:226
LH:1
end_of_record
SF:lib/widgets/charts/chart_type.dart
DA:5,0
DA:7,0
DA:9,0
DA:14,0
DA:16,0
DA:18,0
LF:6
LH:0
end_of_record
SF:lib/widgets/charts/chart_badge.dart
DA:9,1
DA:11,1
DA:13,1
DA:15,1
DA:16,1
DA:17,2
DA:19,3
DA:20,1
DA:21,1
DA:22,2
DA:25,1
DA:27,1
DA:30,1
DA:31,1
DA:34,1
DA:35,1
DA:37,4
LF:17
LH:17
end_of_record
SF:lib/home/home_page.dart
DA:13,1
DA:15,1
DA:16,1
DA:25,1
DA:27,1
DA:28,4
DA:31,1
DA:33,1
DA:34,4
DA:37,1
DA:40,3
DA:41,3
DA:44,1
DA:47,3
DA:48,2
DA:49,1
DA:52,0
DA:54,0
DA:57,0
DA:58,0
DA:60,0
DA:62,0
DA:68,0
DA:71,0
DA:72,0
DA:73,0
DA:74,0
DA:75,0
DA:76,0
DA:77,0
DA:78,0
DA:86,0
DA:87,0
DA:89,0
DA:90,0
DA:92,0
DA:93,0
DA:94,0
DA:99,0
DA:104,1
DA:105,1
DA:106,2
DA:107,1
DA:110,1
DA:111,0
DA:112,0
DA:113,0
DA:114,0
DA:115,0
DA:119,0
DA:121,0
DA:122,0
DA:123,0
DA:124,0
DA:125,0
DA:126,0
DA:127,0
DA:128,0
DA:134,1
DA:136,1
DA:137,1
DA:138,3
DA:139,1
DA:140,1
DA:142,1
DA:143,1
DA:144,1
DA:145,1
DA:149,0
DA:150,0
DA:151,0
DA:152,0
DA:153,0
DA:154,0
DA:156,0
DA:158,0
DA:159,0
DA:160,0
DA:162,0
DA:163,0
DA:164,0
DA:169,0
DA:170,0
DA:171,0
DA:172,0
DA:173,0
DA:175,0
DA:176,0
DA:177,0
DA:178,0
DA:180,0
DA:185,0
DA:193,0
DA:194,0
DA:195,0
DA:196,0
DA:197,0
DA:198,0
DA:199,0
DA:200,0
DA:201,0
DA:202,0
DA:204,0
DA:209,0
DA:215,0
DA:216,0
DA:217,0
DA:218,0
DA:219,0
DA:220,0
DA:221,0
DA:223,0
LF:112
LH:31
end_of_record
SF:lib/main.dart
DA:15,3
DA:17,0
DA:18,0
DA:23,0
DA:24,0
DA:26,0
DA:27,0
DA:30,0
DA:34,0
DA:40,0
DA:43,0
DA:44,0
DA:46,0
DA:47,0
DA:52,1
DA:55,1
DA:59,0
DA:60,0
DA:61,0
DA:62,0
DA:66,1
DA:68,1
DA:69,1
DA:77,2
DA:78,1
DA:80,1
DA:82,1
DA:83,1
DA:84,1
DA:87,1
DA:88,1
DA:89,0
DA:90,0
DA:91,0
DA:95,1
DA:96,1
DA:97,0
DA:98,0
DA:100,0
DA:101,0
DA:103,0
DA:104,0
DA:107,0
DA:112,0
DA:113,0
DA:114,0
DA:115,0
DA:116,0
DA:120,0
DA:121,0
DA:123,0
DA:124,0
DA:125,0
DA:126,0
DA:127,0
DA:131,1
DA:133,1
DA:134,1
DA:135,3
DA:136,1
DA:138,1
DA:139,1
DA:140,1
DA:141,1
DA:142,1
DA:143,1
DA:144,1
DA:145,1
DA:146,1
DA:147,1
DA:148,1
DA:149,1
DA:150,1
DA:151,2
DA:156,2
DA:167,0
DA:168,0
DA:171,1
DA:173,1
DA:174,1
DA:179,1
DA:181,1
DA:182,4
DA:185,1
DA:187,2
DA:188,1
DA:191,0
DA:193,0
DA:196,1
LF:89
LH:46
end_of_record
SF:lib/home/welcome/home_welcome_section.dart
DA:11,0
DA:13,1
DA:15,1
DA:16,1
DA:17,3
DA:18,3
DA:19,1
DA:20,2
DA:21,2
DA:24,2
DA:28,0
DA:31,0
DA:32,0
DA:34,0
DA:35,0
DA:38,1
DA:41,1
DA:42,2
DA:43,2
DA:48,0
DA:49,2
DA:52,0
DA:53,2
DA:56,0
DA:57,2
DA:60,0
DA:61,2
DA:63,1
DA:66,1
DA:67,1
DA:70,1
DA:71,1
DA:74,1
DA:75,1
DA:77,1
DA:78,1
DA:80,1
DA:82,1
DA:84,1
DA:85,1
DA:86,3
DA:98,1
DA:100,1
DA:103,1
DA:105,1
DA:106,1
DA:109,1
DA:112,1
DA:113,1
DA:123,1
DA:125,1
DA:126,1
DA:128,1
DA:131,1
DA:135,1
DA:136,1
DA:137,0
DA:138,0
DA:139,0
DA:140,0
DA:144,1
DA:145,2
DA:146,3
DA:156,1
DA:159,1
DA:162,1
DA:163,1
DA:164,0
DA:165,0
DA:166,0
DA:167,0
DA:173,0
DA:174,0
DA:177,1
DA:188,1
LF:75
LH:55
end_of_record
SF:lib/themes/caravella_themes.dart
DA:112,3
DA:113,3
DA:115,3
DA:117,3
DA:120,3
DA:122,3
DA:125,3
DA:127,3
DA:132,3
DA:134,3
DA:137,3
DA:139,3
DA:142,3
DA:144,3
DA:149,3
DA:151,3
DA:154,3
DA:156,3
DA:159,3
DA:161,3
DA:166,3
DA:168,3
DA:171,3
DA:173,3
DA:176,3
DA:178,3
DA:181,3
DA:184,9
DA:187,3
DA:189,3
DA:190,3
DA:191,3
DA:192,3
DA:194,6
DA:195,3
DA:197,9
DA:198,3
DA:200,9
DA:202,3
DA:206,3
DA:207,3
DA:208,3
DA:212,3
DA:213,3
DA:214,3
DA:218,3
DA:219,6
DA:221,3
DA:222,3
DA:223,6
DA:227,3
DA:228,6
DA:230,3
DA:231,6
DA:233,3
DA:234,3
DA:241,3
DA:244,1
DA:246,1
DA:247,1
DA:248,1
DA:249,1
DA:251,2
DA:252,1
DA:254,3
DA:255,1
DA:257,3
DA:259,1
DA:262,1
DA:263,1
DA:264,1
DA:268,1
DA:269,1
DA:270,1
DA:274,1
DA:275,2
DA:277,1
DA:278,1
DA:279,2
DA:283,1
DA:284,2
DA:286,1
DA:287,2
DA:289,1
DA:290,1
LF:85
LH:85
end_of_record
SF:lib/state/locale_notifier.dart
DA:6,1
DA:13,0
DA:14,0
DA:17,0
DA:19,0
LF:5
LH:1
end_of_record
SF:lib/state/theme_mode_notifier.dart
DA:6,1
DA:13,0
DA:14,0
DA:17,0
DA:19,0
LF:5
LH:1
end_of_record
SF:lib/settings/flag_secure_android.dart
DA:4,0
DA:7,0
DA:9,0
LF:3
LH:0
end_of_record
SF:lib/manager/details/export/csv_exporter.dart
DA:6,0
DA:9,0
DA:10,0
DA:11,0
DA:14,0
DA:15,0
DA:16,0
DA:17,0
DA:18,0
DA:19,0
DA:20,0
DA:21,0
DA:22,0
DA:23,0
DA:26,0
DA:27,0
DA:28,0
DA:29,0
DA:30,0
DA:31,0
DA:32,0
DA:33,0
DA:34,0
DA:35,0
DA:36,0
DA:39,0
DA:43,0
DA:44,0
DA:45,0
DA:46,0
DA:47,0
DA:48,0
DA:49,0
DA:51,0
DA:52,0
DA:53,0
DA:54,0
DA:55,0
DA:58,0
DA:59,0
DA:60,0
DA:61,0
LF:42
LH:0
end_of_record
SF:lib/manager/details/export/ofx_exporter.dart
DA:5,0
DA:9,0
DA:10,0
DA:12,0
DA:13,0
DA:15,0
DA:16,0
DA:19,0
DA:20,0
DA:21,0
DA:22,0
DA:23,0
DA:24,0
DA:25,0
DA:26,0
DA:27,0
DA:28,0
DA:29,0
DA:30,0
DA:31,0
DA:32,0
DA:33,0
DA:34,0
DA:35,0
DA:36,0
DA:37,0
DA:38,0
DA:39,0
DA:40,0
DA:41,0
DA:42,0
DA:43,0
DA:44,0
DA:45,0
DA:46,0
DA:48,0
DA:49,0
DA:52,0
DA:53,0
DA:54,0
DA:55,0
DA:56,0
DA:58,0
DA:59,0
DA:61,0
DA:62,0
DA:63,0
DA:65,0
DA:66,0
DA:67,0
DA:68,0
DA:69,0
DA:70,0
DA:72,0
DA:74,0
DA:75,0
DA:78,0
DA:81,0
DA:82,0
DA:83,0
DA:85,0
DA:87,0
DA:88,0
DA:90,0
DA:91,0
DA:92,0
DA:93,0
DA:94,0
DA:95,0
DA:97,0
DA:100,0
DA:101,0
DA:102,0
DA:103,0
DA:106,0
DA:107,0
DA:108,0
DA:109,0
DA:110,0
DA:113,0
DA:115,0
DA:116,0
DA:117,0
DA:118,0
DA:119,0
LF:85
LH:0
end_of_record
SF:lib/widgets/material3_dialog.dart
DA:15,1
DA:27,1
DA:29,1
DA:30,1
DA:32,1
DA:34,2
DA:36,1
DA:41,1
DA:42,1
DA:44,1
DA:45,1
DA:46,1
DA:47,1
DA:48,3
DA:49,1
DA:51,1
DA:54,1
DA:55,1
DA:56,3
DA:57,1
DA:59,1
DA:62,1
DA:70,1
DA:75,1
DA:76,0
DA:77,1
DA:82,1
DA:88,2
DA:90,1
DA:93,0
DA:94,0
DA:95,0
DA:98,1
DA:103,1
DA:108,2
DA:112,1
DA:117,2
DA:119,1
DA:121,2
DA:122,1
DA:130,1
DA:139,1
DA:141,1
DA:143,2
DA:145,1
DA:146,1
DA:147,1
DA:148,1
DA:150,0
DA:152,1
DA:154,0
DA:156,0
DA:164,0
DA:171,0
DA:173,0
DA:175,0
DA:177,0
DA:178,0
DA:179,0
DA:180,0
DA:182,0
DA:183,0
LF:62
LH:45
end_of_record
SF:lib/manager/details/widgets/group_header.dart
DA:9,3
DA:15,3
DA:17,6
DA:18,12
DA:19,12
DA:20,3
DA:22,3
DA:23,6
DA:24,3
DA:25,3
DA:26,3
DA:28,12
DA:29,3
DA:31,6
DA:42,0
DA:49,0
DA:51,0
DA:52,0
DA:53,0
DA:54,0
DA:55,0
DA:57,0
DA:58,0
DA:59,0
DA:60,0
DA:61,0
DA:62,0
DA:63,0
DA:65,0
DA:66,0
DA:67,0
DA:68,0
DA:69,0
DA:70,0
DA:71,0
DA:72,0
DA:73,0
DA:75,0
DA:81,0
DA:82,0
DA:83,0
DA:84,0
DA:85,0
DA:86,0
DA:87,0
DA:89,0
DA:99,0
DA:101,0
DA:103,0
DA:104,0
DA:105,0
DA:107,0
DA:108,0
DA:109,0
DA:110,0
DA:111,0
DA:112,0
DA:113,0
DA:116,0
DA:117,0
DA:118,0
DA:122,0
DA:123,0
DA:126,0
DA:127,0
DA:135,0
DA:136,0
DA:140,0
DA:141,0
LF:69
LH:14
end_of_record
SF:lib/manager/details/widgets/group_actions.dart
DA:8,0
DA:15,0
DA:17,0
DA:19,0
DA:21,0
DA:24,0
DA:25,0
DA:26,0
DA:27,0
DA:28,0
DA:29,0
DA:30,0
DA:33,0
DA:34,0
DA:35,0
DA:36,0
DA:42,0
DA:43,0
DA:44,0
DA:45,0
DA:48,0
DA:49,0
DA:50,0
DA:51,0
LF:24
LH:0
end_of_record
SF:lib/manager/details/widgets/group_total.dart
DA:8,0
DA:10,0
DA:12,0
DA:13,0
DA:14,0
DA:16,0
DA:17,0
DA:18,0
DA:19,0
DA:21,0
DA:26,0
DA:27,0
DA:28,0
DA:33,0
LF:14
LH:0
end_of_record
SF:lib/manager/details/widgets/filtered_expense_list.dart
DA:18,2
DA:29,2
DA:30,2
DA:40,2
DA:41,6
DA:44,4
DA:45,2
DA:46,2
DA:47,2
DA:48,2
DA:49,2
DA:50,1
DA:54,2
DA:56,0
DA:57,0
DA:61,2
DA:63,0
DA:64,0
DA:68,6
DA:73,2
DA:74,4
DA:75,2
DA:76,2
DA:79,0
DA:80,0
DA:81,0
DA:82,0
DA:83,0
DA:85,0
DA:88,2
DA:90,4
DA:91,2
DA:94,2
DA:96,2
DA:97,2
DA:98,4
DA:100,8
DA:101,0
DA:102,0
DA:103,0
DA:104,0
DA:105,0
DA:107,0
DA:111,2
DA:112,2
DA:113,7
DA:114,1
DA:116,1
DA:117,1
DA:118,1
DA:119,1
DA:120,12
DA:121,4
DA:123,1
DA:128,1
DA:129,1
DA:130,1
DA:131,1
DA:132,2
DA:133,1
DA:134,1
DA:137,1
DA:138,1
DA:139,1
DA:144,1
DA:145,1
DA:146,2
DA:147,1
DA:148,0
DA:150,2
DA:152,3
DA:159,6
DA:160,1
DA:162,1
DA:163,2
DA:164,1
DA:167,1
DA:169,1
DA:170,1
DA:171,1
DA:172,1
DA:173,1
DA:174,1
DA:175,1
DA:176,1
DA:183,4
DA:186,4
DA:187,1
DA:188,1
DA:189,4
DA:194,1
DA:196,1
DA:199,1
DA:200,1
DA:201,1
DA:202,1
DA:203,1
DA:204,0
DA:205,0
DA:208,5
DA:209,3
DA:210,1
DA:211,1
DA:212,1
DA:213,1
DA:214,3
DA:215,0
DA:216,0
DA:217,0
DA:219,0
DA:222,5
DA:223,1
DA:233,4
DA:234,1
DA:235,1
DA:236,4
DA:241,1
DA:243,1
DA:246,1
DA:247,1
DA:248,1
DA:249,1
DA:250,1
DA:251,0
DA:252,0
DA:255,5
DA:256,3
DA:257,1
DA:258,1
DA:259,1
DA:260,1
DA:262,3
DA:263,0
DA:264,0
DA:265,0
DA:267,0
DA:270,5
DA:271,1
DA:287,4
DA:289,8
DA:294,2
DA:295,2
DA:296,2
DA:298,8
DA:299,2
DA:300,2
DA:301,2
DA:302,4
DA:307,1
DA:309,1
DA:311,1
DA:312,1
DA:313,1
DA:314,1
DA:318,2
DA:321,1
DA:322,1
DA:323,1
DA:324,1
DA:325,4
DA:326,2
DA:334,1
DA:335,1
DA:336,1
DA:337,1
DA:338,2
DA:344,1
DA:345,1
DA:346,2
DA:348,1
DA:349,2
DA:350,1
DA:351,2
DA:352,3
DA:354,0
DA:355,0
DA:359,1
DA:373,1
DA:379,1
DA:381,2
DA:382,1
DA:383,2
DA:384,1
DA:385,0
DA:387,1
DA:388,1
DA:389,1
DA:390,2
DA:392,1
DA:393,1
DA:394,4
DA:395,1
DA:396,3
LF:193
LH:161
end_of_record
SF:lib/manager/details/pages/unified_overview_page.dart
DA:19,0
DA:21,0
DA:22,0
DA:29,0
DA:30,0
DA:31,0
DA:32,0
DA:33,0
DA:34,0
DA:35,0
DA:36,0
DA:38,0
DA:39,0
DA:41,0
DA:42,0
DA:43,0
DA:44,0
DA:47,0
DA:49,0
DA:50,0
DA:51,0
DA:52,0
DA:61,0
DA:62,0
DA:63,0
DA:64,0
DA:65,0
DA:66,0
DA:67,0
DA:68,0
DA:70,0
DA:72,0
DA:73,0
DA:74,0
DA:75,0
DA:76,0
DA:77,0
DA:79,0
DA:81,0
DA:82,0
DA:83,0
DA:85,0
DA:86,0
DA:87,0
DA:88,0
DA:89,0
DA:90,0
DA:94,0
DA:97,0
DA:98,0
DA:99,0
DA:100,0
DA:102,0
DA:103,0
DA:107,0
DA:111,0
DA:112,0
DA:113,0
DA:116,0
DA:119,0
DA:122,0
DA:123,0
DA:125,0
DA:128,0
DA:129,0
DA:130,0
DA:131,0
DA:132,0
DA:133,0
DA:138,0
DA:142,0
DA:144,0
DA:145,0
DA:147,0
DA:148,0
DA:149,0
DA:151,0
DA:152,0
DA:154,0
DA:155,0
DA:156,0
DA:158,0
DA:160,0
DA:161,0
DA:166,0
DA:169,0
DA:173,0
DA:174,0
DA:175,0
DA:176,0
DA:181,0
DA:182,0
DA:184,0
DA:185,0
DA:186,0
DA:187,0
DA:188,0
DA:189,0
DA:190,0
LF:99
LH:0
end_of_record
SF:lib/manager/details/widgets/options_sheet.dart
DA:14,0
DA:24,0
DA:26,0
DA:27,0
DA:28,0
DA:29,0
DA:31,0
DA:35,0
DA:37,0
DA:39,0
DA:40,0
DA:41,0
DA:42,0
DA:43,0
DA:44,0
DA:46,0
DA:47,0
DA:49,0
DA:50,0
DA:51,0
DA:52,0
DA:53,0
DA:55,0
DA:59,0
DA:61,0
DA:62,0
DA:63,0
DA:64,0
DA:66,0
DA:67,0
DA:69,0
DA:70,0
DA:72,0
DA:74,0
DA:75,0
DA:77,0
DA:78,0
DA:80,0
DA:81,0
DA:83,0
DA:84,0
DA:86,0
DA:87,0
DA:88,0
DA:89,0
DA:90,0
DA:92,0
DA:96,0
DA:98,0
DA:99,0
DA:101,0
DA:103,0
DA:104,0
DA:105,0
DA:107,0
LF:55
LH:0
end_of_record
SF:lib/manager/details/widgets/export_options_sheet.dart
DA:11,0
DA:19,0
DA:21,0
DA:22,0
DA:23,0
DA:24,0
DA:26,0
DA:30,0
DA:32,0
DA:34,0
DA:36,0
DA:37,0
DA:39,0
DA:41,0
DA:42,0
DA:44,0
DA:45,0
DA:47,0
DA:49,0
DA:50,0
DA:53,0
DA:54,0
DA:56,0
DA:58,0
DA:59,0
DA:61,0
DA:62,0
DA:64,0
DA:66,0
DA:67,0
LF:30
LH:0
end_of_record
SF:lib/manager/details/widgets/delete_expense_dialog.dart
DA:10,0
DA:16,0
DA:18,0
DA:20,0
DA:21,0
DA:23,0
DA:26,0
DA:27,0
DA:28,0
DA:29,0
DA:30,0
DA:32,0
DA:33,0
DA:34,0
DA:35,0
LF:15
LH:0
end_of_record
SF:lib/widgets/add_fab.dart
DA:12,2
DA:21,2
DA:23,4
DA:24,2
DA:25,2
DA:26,2
DA:27,2
DA:28,2
DA:29,2
DA:30,4
DA:36,2
DA:38,3
DA:39,2
DA:40,2
DA:41,2
DA:42,2
DA:43,2
DA:44,2
DA:46,6
LF:19
LH:19
end_of_record
SF:lib/manager/details/pages/tabs/categories_overview_tab.dart
DA:11,0
DA:13,0
DA:15,0
DA:16,0
DA:17,0
DA:18,0
DA:19,0
DA:20,0
DA:21,0
DA:22,0
DA:29,0
DA:30,0
DA:33,0
DA:35,0
DA:36,0
DA:39,0
DA:42,0
DA:43,0
DA:44,0
DA:45,0
DA:46,0
DA:47,0
DA:50,0
DA:51,0
DA:52,0
DA:54,0
DA:55,0
DA:58,0
DA:59,0
DA:60,0
DA:61,0
DA:63,0
DA:64,0
DA:65,0
DA:66,0
DA:68,0
DA:69,0
DA:75,0
DA:77,0
DA:79,0
DA:80,0
DA:86,0
DA:87,0
DA:88,0
DA:89,0
DA:90,0
DA:92,0
DA:93,0
DA:94,0
DA:95,0
DA:96,0
DA:99,0
DA:104,0
DA:105,0
DA:107,0
DA:109,0
DA:111,0
DA:113,0
DA:115,0
DA:116,0
DA:117,0
DA:118,0
DA:119,0
DA:120,0
DA:121,0
DA:122,0
DA:123,0
DA:125,0
DA:128,0
LF:69
LH:0
end_of_record
SF:lib/manager/details/widgets/stat_card.dart
DA:17,1
DA:30,1
DA:32,1
DA:34,2
DA:35,2
DA:40,1
DA:42,1
DA:43,2
DA:45,0
DA:48,0
DA:52,3
DA:53,0
DA:54,2
DA:56,1
DA:59,1
DA:60,1
DA:61,1
DA:63,1
DA:64,1
DA:65,3
DA:69,1
DA:71,1
DA:73,1
DA:74,1
DA:75,0
DA:77,2
DA:78,4
DA:81,1
DA:82,1
DA:84,1
DA:85,1
DA:86,0
DA:87,0
DA:88,0
DA:89,0
DA:90,0
DA:91,0
DA:99,0
DA:100,0
DA:101,0
DA:110,1
DA:111,1
DA:112,1
DA:113,3
DA:118,1
DA:119,1
DA:120,1
DA:128,1
DA:130,0
DA:131,0
DA:132,0
DA:133,0
DA:134,0
DA:136,0
DA:137,0
DA:138,0
DA:139,0
DA:143,0
DA:144,0
DA:145,0
DA:146,0
DA:152,1
DA:153,0
DA:154,1
DA:156,0
DA:157,0
DA:158,0
DA:159,0
DA:160,0
DA:162,0
DA:168,0
DA:169,0
DA:170,0
DA:171,0
DA:189,1
DA:190,0
DA:191,0
DA:192,0
DA:193,0
DA:194,0
DA:197,0
DA:198,0
DA:208,0
DA:215,0
DA:217,0
DA:218,0
DA:221,0
DA:223,0
DA:226,0
DA:227,0
DA:228,0
DA:230,0
DA:231,0
DA:232,0
DA:236,0
DA:239,0
DA:240,0
DA:241,0
DA:242,0
DA:243,0
DA:244,0
DA:245,0
DA:250,0
DA:251,0
DA:255,0
DA:256,0
DA:257,0
DA:258,0
LF:108
LH:38
end_of_record
SF:lib/manager/details/pages/tabs/general_overview_tab.dart
DA:18,1
DA:20,7
DA:22,1
DA:23,3
DA:25,2
DA:26,9
DA:27,1
DA:28,1
DA:29,3
DA:32,1
DA:33,3
DA:34,7
DA:35,1
DA:36,1
DA:37,9
DA:38,1
DA:39,2
DA:43,3
DA:44,3
DA:45,3
DA:48,1
DA:49,1
DA:50,3
DA:51,2
DA:52,3
DA:54,5
DA:55,1
DA:56,2
DA:57,2
DA:58,0
DA:61,3
DA:62,2
DA:63,2
DA:66,5
DA:70,1
DA:72,1
DA:73,1
DA:75,3
DA:76,0
DA:77,0
DA:78,0
DA:79,0
DA:80,0
DA:87,1
DA:88,1
DA:89,1
DA:90,1
DA:91,1
DA:93,1
DA:95,1
DA:97,1
DA:99,1
DA:100,1
DA:101,2
DA:102,1
DA:103,3
DA:106,3
DA:107,1
DA:108,1
DA:110,1
DA:113,1
DA:115,1
DA:116,1
DA:126,1
DA:127,1
DA:128,1
DA:130,2
DA:133,1
DA:134,1
DA:136,2
DA:141,1
DA:142,2
DA:152,1
DA:160,1
DA:167,1
DA:169,1
DA:170,1
DA:171,1
DA:175,3
DA:176,1
DA:178,6
DA:180,1
DA:183,1
DA:185,1
DA:186,1
DA:188,1
DA:189,1
DA:190,1
DA:191,3
DA:192,1
DA:197,1
DA:198,1
DA:199,1
DA:211,1
DA:213,1
DA:215,1
DA:218,1
DA:220,1
DA:222,4
DA:223,1
DA:224,1
DA:225,1
DA:226,3
DA:227,1
DA:228,2
DA:237,1
DA:238,2
DA:239,3
DA:240,1
DA:253,1
DA:255,2
DA:256,2
DA:257,2
DA:258,1
DA:261,1
DA:263,1
DA:264,1
DA:265,1
DA:266,1
DA:268,1
DA:269,3
DA:270,1
DA:272,1
DA:273,1
DA:275,1
DA:276,3
DA:279,1
DA:281,1
DA:282,1
DA:283,1
DA:284,1
DA:285,1
DA:287,3
DA:290,3
DA:298,1
DA:300,1
DA:301,1
DA:304,1
DA:306,1
DA:320,1
DA:326,1
DA:328,1
DA:329,1
DA:330,1
DA:332,1
DA:333,1
DA:336,1
DA:337,2
DA:341,3
DA:344,1
DA:345,1
DA:347,1
DA:348,1
DA:349,1
DA:350,3
DA:355,1
DA:356,1
DA:357,3
DA:358,1
LF:159
LH:153
end_of_record
SF:lib/manager/details/pages/tabs/usecase/date_range_formatter.dart
DA:10,1
DA:17,2
DA:18,1
DA:20,2
DA:21,3
DA:23,0
DA:27,2
DA:28,3
DA:31,0
DA:32,0
DA:35,3
DA:39,0
DA:42,1
DA:43,9
LF:14
LH:10
end_of_record
SF:lib/manager/details/pages/tabs/participants_overview_tab.dart
DA:14,0
DA:16,0
DA:18,0
DA:19,0
DA:20,0
DA:21,0
DA:23,0
DA:24,0
DA:25,0
DA:26,0
DA:27,0
DA:28,0
DA:35,0
DA:37,0
DA:39,0
DA:40,0
DA:42,0
DA:43,0
DA:44,0
DA:45,0
DA:46,0
DA:47,0
DA:49,0
DA:52,0
DA:53,0
DA:56,0
DA:58,0
DA:59,0
DA:62,0
DA:65,0
DA:67,0
DA:69,0
DA:71,0
DA:73,0
DA:74,0
DA:79,0
DA:82,0
DA:83,0
DA:86,0
DA:87,0
DA:89,0
DA:90,0
DA:91,0
DA:92,0
DA:93,0
DA:95,0
DA:96,0
DA:97,0
DA:101,0
DA:103,0
DA:109,0
DA:111,0
DA:112,0
DA:114,0
DA:117,0
DA:121,0
DA:137,0
DA:144,0
DA:146,0
DA:147,0
DA:148,0
DA:150,0
DA:153,0
DA:154,0
DA:155,0
DA:157,0
DA:158,0
DA:160,0
DA:161,0
DA:166,0
DA:167,0
DA:168,0
LF:72
LH:0
end_of_record
SF:lib/manager/group/widgets/section_header.dart
DA:12,0
DA:22,0
DA:24,0
DA:26,0
DA:27,0
DA:28,0
DA:29,0
DA:30,0
DA:31,0
DA:39,0
DA:40,0
DA:42,0
DA:43,0
DA:44,0
DA:45,0
DA:46,0
DA:47,0
DA:52,0
DA:53,0
DA:54,0
DA:56,0
DA:57,0
DA:58,0
DA:61,0
DA:64,0
LF:25
LH:0
end_of_record
SF:lib/widgets/bottom_sheet_scaffold.dart
DA:13,1
DA:24,1
DA:26,1
DA:29,1
DA:30,2
DA:31,1
DA:32,1
DA:36,1
DA:37,1
DA:39,3
DA:40,1
DA:45,2
DA:46,1
DA:47,1
DA:48,1
DA:50,3
DA:52,2
DA:54,1
DA:57,2
DA:58,1
DA:60,1
DA:61,0
LF:22
LH:21
end_of_record
SF:lib/manager/details/widgets/expense_amount_card.dart
DA:19,1
DA:32,1
DA:35,1
DA:36,2
DA:37,2
DA:38,1
DA:40,0
DA:44,1
DA:46,2
DA:47,2
DA:49,1
DA:53,1
DA:54,1
DA:55,1
DA:56,1
DA:58,1
DA:60,2
DA:61,2
DA:65,1
DA:66,1
DA:68,1
DA:70,3
DA:71,1
DA:72,1
DA:74,1
DA:76,1
DA:92,4
DA:94,1
DA:97,1
DA:100,1
DA:101,1
DA:102,2
DA:103,1
DA:111,2
DA:113,1
DA:115,1
DA:116,1
DA:119,2
DA:122,1
DA:123,2
DA:124,2
DA:125,2
DA:136,1
DA:137,2
DA:138,1
DA:154,1
DA:159,2
DA:160,4
DA:161,1
DA:165,0
DA:166,1
DA:173,0
DA:174,0
DA:175,0
DA:178,0
DA:179,0
DA:180,0
DA:183,0
DA:184,0
DA:186,0
DA:187,0
DA:188,0
DA:189,0
DA:190,0
DA:195,0
DA:197,0
DA:200,0
LF:67
LH:49
end_of_record
SF:lib/manager/expense/expense_form_component.dart
DA:39,0
DA:57,0
DA:58,0
DA:97,0
DA:98,0
DA:99,0
DA:102,0
DA:103,0
DA:109,0
DA:110,0
DA:111,0
DA:116,0
DA:117,0
DA:118,0
DA:119,0
DA:123,0
DA:124,0
DA:125,0
DA:126,0
DA:127,0
DA:128,0
DA:129,0
DA:130,0
DA:131,0
DA:132,0
DA:133,0
DA:137,0
DA:143,0
DA:147,0
DA:148,0
DA:149,0
DA:150,0
DA:151,0
DA:155,0
DA:156,0
DA:160,0
DA:161,0
DA:164,0
DA:166,0
DA:168,0
DA:170,0
DA:171,0
DA:179,0
DA:184,0
DA:186,0
DA:188,0
DA:189,0
DA:191,0
DA:192,0
DA:193,0
DA:196,0
DA:197,0
DA:198,0
DA:199,0
DA:200,0
DA:201,0
DA:207,0
DA:209,0
DA:210,0
DA:211,0
DA:212,0
DA:213,0
DA:214,0
DA:215,0
DA:216,0
DA:217,0
DA:219,0
DA:220,0
DA:221,0
DA:222,0
DA:223,0
DA:225,0
DA:227,0
DA:228,0
DA:230,0
DA:231,0
DA:232,0
DA:234,0
DA:235,0
DA:236,0
DA:237,0
DA:238,0
DA:239,0
DA:243,0
DA:244,0
DA:245,0
DA:246,0
DA:251,0
DA:252,0
DA:254,0
DA:255,0
DA:260,0
DA:261,0
DA:263,0
DA:264,0
DA:268,0
DA:269,0
DA:270,0
DA:271,0
DA:275,0
DA:276,0
DA:277,0
DA:278,0
DA:283,0
DA:284,0
DA:285,0
DA:286,0
DA:287,0
DA:288,0
DA:289,0
DA:290,0
DA:297,0
DA:298,0
DA:299,0
DA:300,0
DA:306,0
DA:307,0
DA:311,0
DA:312,0
DA:315,0
DA:318,0
DA:319,0
DA:320,0
DA:321,0
DA:322,0
DA:323,0
DA:325,0
DA:328,0
DA:329,0
DA:330,0
DA:331,0
DA:332,0
DA:334,0
DA:335,0
DA:343,0
DA:346,0
DA:349,0
DA:352,0
DA:353,0
DA:356,0
DA:360,0
DA:361,0
DA:363,0
DA:364,0
DA:367,0
DA:368,0
DA:369,0
DA:376,0
DA:377,0
DA:379,0
DA:380,0
DA:381,0
DA:382,0
DA:386,0
DA:387,0
DA:388,0
DA:389,0
DA:390,0
DA:392,0
DA:393,0
DA:394,0
DA:395,0
DA:396,0
DA:397,0
DA:398,0
DA:401,0
DA:403,0
DA:404,0
DA:405,0
DA:406,0
DA:410,0
DA:411,0
DA:413,0
DA:414,0
DA:415,0
DA:416,0
DA:417,0
DA:418,0
DA:419,0
DA:420,0
DA:421,0
DA:422,0
DA:424,0
DA:425,0
DA:426,0
DA:427,0
DA:428,0
DA:429,0
DA:430,0
DA:431,0
DA:432,0
DA:433,0
DA:441,0
DA:442,0
DA:445,0
DA:446,0
DA:447,0
DA:448,0
DA:449,0
DA:450,0
DA:451,0
DA:455,0
DA:457,0
DA:460,0
DA:463,0
DA:464,0
DA:466,0
DA:468,0
DA:469,0
DA:470,0
DA:473,0
DA:476,0
DA:477,0
DA:478,0
DA:479,0
DA:482,0
DA:494,0
DA:496,0
DA:497,0
DA:498,0
DA:499,0
DA:503,0
DA:505,0
DA:506,0
DA:507,0
DA:508,0
DA:509,0
DA:510,0
DA:511,0
DA:512,0
DA:513,0
DA:514,0
DA:515,0
DA:516,0
DA:517,0
DA:520,0
DA:521,0
DA:524,0
DA:525,0
DA:529,0
DA:530,0
DA:531,0
DA:532,0
DA:533,0
DA:534,0
DA:535,0
DA:536,0
DA:537,0
DA:540,0
DA:542,0
DA:543,0
DA:544,0
DA:545,0
DA:549,0
DA:550,0
DA:554,0
DA:555,0
DA:556,0
DA:557,0
DA:558,0
DA:559,0
DA:560,0
DA:561,0
DA:562,0
DA:566,0
DA:567,0
DA:569,0
DA:570,0
DA:571,0
DA:572,0
DA:573,0
DA:574,0
DA:575,0
DA:576,0
DA:580,0
DA:581,0
DA:586,0
DA:588,0
DA:591,0
DA:592,0
DA:593,0
DA:594,0
DA:595,0
DA:596,0
DA:600,0
DA:601,0
DA:603,0
DA:604,0
DA:605,0
DA:606,0
DA:607,0
DA:608,0
DA:609,0
DA:613,0
DA:614,0
DA:623,0
DA:624,0
DA:625,0
DA:626,0
DA:627,0
DA:628,0
DA:629,0
DA:631,0
DA:632,0
DA:633,0
DA:638,0
DA:639,0
DA:640,0
DA:641,0
DA:642,0
DA:643,0
DA:648,0
DA:649,0
DA:650,0
DA:651,0
DA:652,0
DA:653,0
DA:654,0
DA:655,0
DA:656,0
DA:658,0
DA:659,0
DA:660,0
DA:661,0
DA:662,0
DA:663,0
DA:664,0
DA:668,0
DA:669,0
DA:670,0
DA:671,0
DA:672,0
DA:673,0
DA:675,0
DA:676,0
DA:677,0
DA:678,0
DA:679,0
DA:680,0
DA:686,0
DA:687,0
DA:689,0
DA:690,0
DA:691,0
DA:692,0
DA:693,0
DA:694,0
DA:696,0
DA:697,0
DA:698,0
DA:700,0
DA:701,0
DA:702,0
DA:703,0
DA:707,0
DA:708,0
DA:709,0
DA:710,0
DA:711,0
DA:712,0
DA:714,0
DA:715,0
DA:716,0
DA:717,0
DA:718,0
DA:719,0
DA:724,0
DA:725,0
DA:726,0
DA:728,0
DA:729,0
DA:730,0
DA:731,0
DA:732,0
DA:733,0
DA:734,0
DA:735,0
DA:736,0
DA:737,0
DA:743,0
DA:744,0
DA:745,0
DA:746,0
DA:747,0
DA:749,0
DA:750,0
DA:751,0
DA:752,0
DA:755,0
DA:758,0
DA:759,0
DA:760,0
DA:761,0
DA:762,0
DA:764,0
DA:771,0
DA:773,0
DA:776,0
DA:777,0
DA:778,0
DA:779,0
DA:782,0
DA:784,0
DA:785,0
DA:786,0
DA:787,0
DA:792,0
DA:796,0
DA:797,0
DA:802,0
DA:803,0
DA:807,0
DA:810,0
DA:812,0
DA:816,0
DA:817,0
DA:818,0
DA:819,0
DA:820,0
DA:823,0
DA:824,0
DA:825,0
DA:826,0
DA:827,0
DA:832,0
DA:834,0
DA:835,0
DA:836,0
DA:837,0
DA:838,0
DA:839,0
DA:840,0
DA:841,0
DA:842,0
LF:434
LH:0
end_of_record
SF:lib/manager/expense/expense_form/amount_input_widget.dart
DA:22,1
DA:38,1
DA:40,1
DA:41,1
DA:42,0
DA:43,0
DA:44,0
DA:46,0
DA:47,0
DA:48,0
DA:52,0
DA:53,0
DA:55,0
DA:67,0
DA:68,0
DA:69,0
DA:72,0
DA:73,0
DA:75,0
DA:80,0
DA:81,0
DA:82,0
DA:83,0
DA:84,0
DA:86,0
DA:93,1
DA:95,1
DA:99,2
DA:102,1
DA:103,1
DA:104,1
DA:106,2
DA:107,1
DA:108,3
DA:117,1
DA:118,1
DA:119,0
DA:120,1
DA:121,2
DA:122,1
DA:126,1
DA:127,1
DA:128,1
DA:129,1
DA:130,1
DA:132,1
DA:133,2
DA:134,1
DA:144,1
DA:150,3
DA:153,1
DA:161,1
DA:164,1
DA:165,2
DA:167,4
DA:169,1
DA:170,5
DA:171,4
DA:173,5
DA:175,4
DA:179,1
DA:180,1
DA:184,1
DA:185,5
DA:186,5
DA:187,1
DA:190,0
DA:193,1
DA:195,1
LF:69
LH:46
end_of_record
SF:lib/manager/expense/expense_form/icon_leading_field.dart
DA:18,1
DA:28,1
DA:30,1
DA:31,1
DA:33,1
DA:34,1
DA:36,1
DA:37,1
DA:38,3
DA:41,1
DA:46,1
DA:47,1
DA:50,1
DA:51,1
DA:53,1
DA:54,1
DA:55,1
DA:57,1
DA:58,1
DA:65,2
LF:20
LH:20
end_of_record
SF:lib/themes/form_theme.dart
DA:6,0
DA:36,1
DA:37,4
DA:43,2
DA:44,8
DA:50,1
DA:51,4
DA:57,1
DA:58,4
DA:64,1
DA:70,1
DA:81,1
DA:86,1
DA:100,1
DA:105,1
LF:15
LH:14
end_of_record
SF:lib/manager/expense/expense_form/category_dialog.dart
DA:6,0
DA:7,0
DA:9,0
DA:12,0
DA:16,0
DA:24,0
DA:26,0
DA:28,0
DA:29,0
DA:31,0
DA:32,0
DA:35,0
DA:36,0
DA:37,0
DA:39,0
DA:40,0
DA:42,0
DA:43,0
DA:44,0
DA:46,0
DA:47,0
DA:50,0
DA:51,0
DA:52,0
DA:58,0
DA:60,0
DA:61,0
DA:63,0
DA:64,0
DA:65,0
DA:66,0
DA:70,0
DA:72,0
DA:73,0
DA:74,0
DA:75,0
DA:76,0
DA:77,0
DA:80,0
LF:39
LH:0
end_of_record
SF:lib/manager/expense/expense_form/category_selector_widget.dart
DA:17,0
DA:28,0
DA:30,0
DA:31,0
DA:32,0
DA:34,0
DA:35,0
DA:37,0
DA:38,0
DA:40,0
DA:41,0
DA:42,0
DA:43,0
DA:45,0
DA:46,0
DA:50,0
DA:51,0
DA:53,0
DA:56,0
DA:57,0
DA:61,0
DA:62,0
DA:64,0
DA:65,0
DA:66,0
DA:69,0
DA:71,0
DA:72,0
DA:75,0
DA:78,0
DA:79,0
DA:80,0
DA:82,0
DA:83,0
DA:84,0
LF:35
LH:0
end_of_record
SF:lib/widgets/selection_bottom_sheet.dart
DA:8,1
DA:18,1
DA:19,1
DA:22,3
DA:26,2
DA:46,1
DA:56,1
DA:57,1
DA:66,1
DA:68,2
DA:69,2
DA:70,2
DA:71,1
DA:74,1
DA:76,1
DA:78,3
DA:79,2
DA:81,2
DA:82,1
DA:89,1
DA:90,3
DA:92,4
DA:93,1
DA:97,0
DA:98,0
DA:99,0
DA:107,0
DA:111,1
DA:112,2
DA:113,1
DA:114,2
DA:116,2
DA:117,3
DA:121,0
DA:122,0
DA:123,0
DA:124,0
DA:128,0
DA:129,0
DA:130,0
DA:133,0
DA:136,0
DA:137,0
DA:138,0
DA:142,0
DA:144,0
DA:151,0
DA:154,0
DA:155,0
DA:158,0
DA:159,0
DA:161,0
DA:168,1
DA:169,1
DA:171,1
DA:172,1
DA:173,1
DA:174,1
DA:179,1
DA:180,1
DA:181,1
DA:183,1
DA:185,2
DA:188,0
DA:192,1
DA:193,3
DA:195,1
DA:197,1
DA:198,3
DA:200,1
DA:207,1
DA:208,2
DA:209,1
DA:211,1
DA:212,1
DA:213,1
DA:214,1
DA:216,1
DA:217,1
DA:218,1
DA:220,1
DA:221,1
DA:222,3
DA:223,2
DA:233,1
DA:235,3
DA:236,3
DA:237,1
DA:240,2
DA:243,1
DA:244,1
DA:245,2
DA:250,1
DA:253,1
DA:255,1
DA:256,1
DA:257,1
DA:258,1
DA:260,1
DA:261,1
DA:262,1
DA:263,3
DA:264,1
DA:269,1
DA:270,1
DA:271,0
DA:272,1
DA:273,1
DA:275,0
DA:277,1
DA:283,1
DA:284,3
DA:285,3
DA:287,0
DA:288,3
DA:299,1
DA:300,1
DA:302,1
DA:304,1
DA:306,2
DA:307,5
DA:310,1
DA:311,1
DA:312,1
DA:314,1
DA:317,3
DA:319,1
DA:320,1
DA:322,1
LF:129
LH:102
end_of_record
SF:lib/manager/expense/expense_form/inline_select_field.dart
DA:16,0
DA:26,0
DA:28,0
DA:29,0
DA:30,0
DA:31,0
DA:32,0
DA:36,0
DA:37,0
DA:38,0
DA:39,0
DA:45,0
DA:46,0
DA:47,0
DA:48,0
DA:49,0
DA:50,0
DA:51,0
DA:52,0
DA:53,0
DA:54,0
DA:55,0
LF:22
LH:0
end_of_record
SF:lib/manager/expense/expense_form/date_selector_widget.dart
DA:14,0
DA:24,0
DA:27,0
DA:28,0
DA:29,0
DA:30,0
DA:31,0
DA:35,0
DA:36,0
DA:38,0
DA:39,0
DA:40,0
DA:41,0
DA:42,0
DA:43,0
DA:44,0
DA:47,0
DA:51,0
DA:57,0
LF:19
LH:0
end_of_record
SF:lib/manager/expense/expense_form/expense_form_actions_widget.dart
DA:13,0
DA:23,0
DA:25,0
DA:26,0
DA:27,0
DA:28,0
DA:29,0
DA:30,0
DA:31,0
DA:32,0
DA:33,0
DA:34,0
DA:35,0
DA:37,0
DA:46,0
DA:47,0
DA:48,0
DA:49,0
DA:52,0
DA:54,0
DA:55,0
DA:56,0
DA:62,0
DA:63,0
DA:64,0
DA:65,0
DA:66,0
DA:70,0
DA:73,0
DA:75,0
DA:76,0
DA:77,0
DA:78,0
DA:81,0
LF:34
LH:0
end_of_record
SF:lib/manager/expense/expense_form/location_input_widget.dart
DA:16,0
DA:24,0
DA:25,0
DA:35,0
DA:37,0
DA:38,0
DA:39,0
DA:40,0
DA:41,0
DA:45,0
DA:47,0
DA:48,0
DA:49,0
DA:51,0
DA:54,0
DA:55,0
DA:56,0
DA:59,0
DA:62,0
DA:64,0
DA:65,0
DA:67,0
DA:74,0
DA:75,0
DA:76,0
DA:77,0
DA:78,0
DA:79,0
DA:81,0
DA:89,0
DA:90,0
DA:91,0
DA:93,0
DA:100,0
DA:102,0
DA:103,0
DA:109,0
DA:110,0
DA:111,0
DA:113,0
DA:114,0
DA:115,0
DA:116,0
DA:117,0
DA:118,0
DA:119,0
DA:120,0
DA:121,0
DA:122,0
DA:123,0
DA:130,0
DA:131,0
DA:132,0
DA:136,0
DA:137,0
DA:138,0
DA:139,0
DA:140,0
DA:141,0
DA:145,0
DA:146,0
DA:147,0
DA:149,0
DA:154,0
DA:156,0
DA:157,0
DA:159,0
DA:164,0
DA:165,0
DA:166,0
DA:167,0
DA:173,0
DA:174,0
DA:175,0
DA:176,0
DA:178,0
DA:181,0
DA:182,0
DA:183,0
DA:185,0
DA:186,0
DA:190,0
DA:191,0
DA:192,0
DA:193,0
DA:194,0
DA:195,0
DA:197,0
DA:198,0
DA:199,0
DA:203,0
DA:205,0
DA:206,0
DA:207,0
DA:208,0
DA:209,0
DA:210,0
DA:211,0
DA:212,0
DA:213,0
DA:214,0
DA:215,0
DA:216,0
DA:225,0
DA:229,0
DA:231,0
DA:232,0
DA:239,0
DA:240,0
DA:242,0
DA:248,0
DA:251,0
DA:252,0
DA:254,0
DA:255,0
DA:257,0
DA:260,0
DA:267,0
DA:268,0
DA:270,0
DA:271,0
DA:273,0
DA:275,0
DA:278,0
DA:280,0
[...]
DA:224,0
DA:225,0
DA:226,0
DA:227,0
DA:228,0
DA:229,0
DA:230,0
DA:231,0
DA:232,0
DA:233,0
DA:234,0
DA:235,0
DA:236,0
DA:237,0
DA:238,0
DA:239,0
DA:240,0
DA:241,0
DA:242,0
DA:243,0
DA:244,0
DA:245,0
DA:246,0
DA:247,0
DA:248,0
DA:249,0
DA:250,0
DA:251,0
DA:252,0
DA:253,0
DA:254,0
DA:255,0
DA:256,0
DA:257,0
DA:258,0
DA:259,0
DA:260,0
DA:261,0
DA:262,0
DA:263,0
DA:264,0
DA:265,0
DA:266,0
DA:267,0
DA:268,0
DA:269,0
DA:270,0
DA:271,0
DA:272,0
DA:273,0
DA:274,0
DA:275,0
DA:276,0
DA:277,0
DA:278,0
DA:279,0
DA:280,0
DA:281,0
DA:282,0
DA:283,0
DA:284,0
DA:285,0
DA:286,0
DA:287,0
DA:288,0
DA:289,0
DA:290,0
DA:291,0
DA:292,0
DA:293,0
DA:294,0
DA:295,0
DA:296,0
DA:297,0
DA:298,0
DA:299,0
DA:300,0
DA:301,0
DA:302,0
DA:303,0
DA:304,0
DA:305,0
DA:306,0
DA:307,0
DA:308,0
DA:309,0
DA:310,0
DA:311,0
DA:312,0
DA:313,0
DA:314,0
DA:315,0
DA:316,0
DA:317,0
DA:318,0
DA:319,0
DA:320,0
DA:321,0
DA:322,0
DA:323,0
DA:324,0
DA:325,0
DA:326,0
DA:327,0
DA:328,0
DA:329,0
DA:330,0
DA:331,0
DA:332,0
DA:333,0
DA:334,0
DA:335,0
DA:336,0
DA:337,0
DA:338,0
DA:339,0
DA:340,0
DA:341,0
DA:342,0
DA:343,0
DA:344,0
DA:345,0
DA:346,0
DA:347,0
DA:348,0
DA:349,0
DA:350,0
DA:351,0
DA:352,0
DA:353,0
DA:354,0
DA:355,0
DA:356,0
DA:357,0
DA:358,0
DA:359,0
DA:360,0
DA:361,0
DA:362,0
DA:363,0
DA:364,0
DA:365,0
DA:366,0
DA:367,0
DA:368,0
DA:369,0
DA:370,0
DA:371,0
DA:372,0
DA:373,0
DA:374,0
DA:375,0
DA:376,0
DA:377,0
DA:378,0
DA:379,0
DA:380,0
DA:381,0
DA:382,0
DA:383,0
DA:384,0
DA:385,0
DA:386,0
DA:387,0
DA:388,0
DA:389,0
DA:390,0
DA:391,0
DA:392,0
DA:393,0
DA:394,0
DA:395,0
DA:396,0
DA:397,0
DA:398,0
DA:399,0
DA:400,0
DA:401,0
DA:402,0
DA:403,0
DA:404,0
DA:405,0
DA:406,0
DA:407,0
DA:408,0
DA:409,0
DA:410,0
DA:411,0
DA:412,0
DA:413,0
DA:414,0
DA:415,0
DA:416,0
DA:417,0
DA:418,0
DA:419,0
DA:420,0
DA:421,0
DA:422,0
DA:423,0
DA:424,0
DA:425,0
DA:426,0
DA:427,0
DA:428,0
DA:429,0
DA:430,0
DA:431,0
DA:432,0
DA:433,0
DA:434,0
DA:435,0
DA:436,0
DA:437,0
DA:438,0
DA:439,0
DA:440,0
DA:441,0
DA:442,0
DA:443,0
DA:444,0
DA:445,0
DA:446,0
DA:447,0
DA:448,0
DA:449,0
DA:450,0
DA:451,0
DA:452,0
DA:453,0
DA:454,0
DA:455,0
DA:456,0
DA:457,0
DA:458,0
DA:459,0
DA:460,0
DA:461,0
DA:462,0
DA:463,0
DA:464,0
DA:465,0
DA:466,0
DA:467,0
DA:468,0
DA:469,0
DA:470,0
DA:471,0
DA:472,0
DA:473,0
DA:474,0
DA:475,0
DA:476,0
DA:477,0
DA:478,0
DA:479,0
DA:480,0
DA:481,0
DA:482,0
LF:476
LH:0
end_of_record
SF:lib/widgets/caravella_app_bar.dart
DA:11,1
DA:20,1
DA:22,1
DA:23,1
DA:25,1
DA:26,1
DA:28,3
DA:29,1
DA:30,4
DA:31,3
DA:32,1
DA:34,1
DA:35,0
DA:37,0
DA:38,0
DA:41,1
DA:44,0
DA:49,1
LF:18
LH:14
end_of_record
SF:lib/themes/app_text_styles.dart
DA:4,0
DA:5,0
DA:7,0
DA:8,0
DA:9,0
DA:10,0
DA:12,0
DA:13,0
DA:14,0
DA:15,0
DA:16,0
LF:11
LH:0
end_of_record
SF:lib/manager/group/widgets/section_flat.dart
DA:7,0
DA:13,0
DA:15,0
DA:17,0
DA:19,0
DA:20,0
DA:21,0
DA:22,0
DA:23,0
DA:27,0
LF:10
LH:0
end_of_record
SF:lib/manager/group/widgets/selection_tile.dart
DA:22,0
DA:34,0
DA:36,0
DA:37,0
DA:38,0
DA:39,0
DA:42,0
DA:43,0
DA:46,0
DA:47,0
DA:48,0
DA:49,0
DA:53,0
DA:54,0
DA:55,0
DA:56,0
DA:61,0
DA:63,0
DA:67,0
DA:69,0
DA:71,0
DA:72,0
DA:73,0
DA:74,0
DA:79,0
DA:80,0
DA:81,0
DA:82,0
LF:28
LH:0
end_of_record
SF:lib/manager/group/widgets/group_title_field.dart
DA:7,1
DA:9,0
DA:10,0
DA:18,0
DA:20,0
DA:21,0
DA:22,0
DA:23,0
DA:24,0
DA:25,0
DA:26,0
DA:31,0
DA:33,0
DA:35,0
DA:36,0
DA:37,0
DA:38,0
DA:39,0
DA:44,0
DA:46,0
DA:47,0
DA:50,0
DA:53,0
DA:54,0
DA:55,0
DA:56,0
DA:57,0
DA:58,0
DA:60,0
DA:62,0
DA:63,0
DA:64,0
DA:66,0
LF:33
LH:1
end_of_record
SF:lib/manager/group/widgets/participants_editor.dart
DA:11,1
DA:13,0
DA:15,0
DA:16,0
DA:17,0
DA:18,0
DA:19,0
DA:20,0
DA:21,0
DA:22,0
DA:23,0
DA:24,0
DA:25,0
DA:27,0
DA:29,0
LF:15
LH:1
end_of_record
SF:lib/manager/group/widgets/categories_editor.dart
DA:11,1
DA:13,0
DA:15,0
DA:16,0
DA:17,0
DA:18,0
DA:19,0
DA:20,0
DA:21,0
DA:22,0
DA:23,0
DA:24,0
DA:26,0
DA:28,0
LF:14
LH:1
end_of_record
SF:lib/manager/group/widgets/period_section_editor.dart
DA:9,0
DA:11,0
DA:13,0
DA:14,0
DA:15,0
DA:16,0
DA:17,0
DA:18,0
DA:20,0
DA:21,0
DA:22,0
DA:26,0
DA:27,0
LF:13
LH:0
end_of_record
SF:lib/manager/group/widgets/background_picker.dart
DA:13,1
DA:15,0
DA:17,0
DA:18,0
DA:19,0
DA:21,0
DA:22,0
DA:23,0
DA:24,0
DA:25,0
DA:27,0
DA:28,0
DA:29,0
DA:31,0
DA:32,0
DA:34,0
DA:35,0
DA:36,0
DA:37,0
DA:38,0
DA:39,0
DA:40,0
DA:42,0
DA:43,0
DA:44,0
DA:45,0
DA:46,0
DA:47,0
DA:48,0
DA:62,0
DA:64,0
DA:71,0
DA:72,0
DA:73,0
DA:74,0
DA:75,0
DA:76,0
DA:82,0
DA:83,0
DA:84,0
DA:87,0
DA:88,0
DA:99,0
DA:103,0
DA:105,0
DA:106,0
DA:114,0
DA:115,0
DA:116,0
DA:117,0
DA:122,0
DA:135,0
DA:141,0
DA:143,0
DA:144,0
DA:145,0
DA:146,0
DA:149,0
DA:150,0
DA:151,0
DA:153,0
DA:155,0
DA:156,0
DA:161,0
DA:163,0
DA:165,0
DA:166,0
DA:167,0
DA:168,0
DA:170,0
DA:175,0
DA:179,0
DA:183,0
DA:186,0
DA:187,0
DA:188,0
DA:189,0
DA:190,0
DA:191,0
DA:196,0
DA:197,0
DA:198,0
DA:199,0
DA:200,0
DA:201,0
DA:203,0
DA:208,0
DA:211,0
DA:215,0
DA:218,0
DA:219,0
DA:220,0
DA:221,0
DA:222,0
DA:223,0
DA:224,0
DA:228,0
DA:229,0
DA:232,0
DA:233,0
DA:236,0
DA:239,0
DA:243,0
DA:247,0
DA:248,0
DA:249,0
DA:251,0
DA:253,0
DA:254,0
DA:255,0
DA:256,0
DA:257,0
DA:270,0
DA:272,0
DA:273,0
DA:279,0
DA:281,0
DA:283,0
DA:284,0
DA:285,0
DA:286,0
DA:291,0
DA:293,0
DA:294,0
DA:295,0
DA:296,0
DA:297,0
DA:315,0
DA:317,0
DA:319,0
DA:321,0
DA:323,0
DA:324,0
DA:325,0
DA:326,0
DA:327,0
DA:328,0
DA:330,0
DA:331,0
DA:335,0
DA:338,0
DA:340,0
DA:341,0
DA:345,0
DA:346,0
DA:347,0
DA:355,0
DA:359,0
DA:366,0
DA:368,0
DA:370,0
DA:371,0
DA:372,0
DA:373,0
DA:376,0
DA:377,0
DA:378,0
DA:379,0
DA:382,0
DA:383,0
DA:384,0
DA:385,0
DA:386,0
DA:387,0
DA:388,0
DA:389,0
DA:390,0
DA:391,0
DA:392,0
DA:393,0
DA:394,0
DA:395,0
DA:396,0
DA:397,0
DA:399,0
DA:400,0
DA:401,0
DA:402,0
DA:403,0
DA:405,0
DA:411,0
DA:412,0
DA:413,0
DA:415,0
DA:418,0
DA:420,0
DA:421,0
DA:422,0
DA:423,0
DA:424,0
DA:427,0
DA:428,0
DA:429,0
DA:443,0
DA:445,0
DA:446,0
DA:456,0
DA:458,0
DA:459,0
DA:463,0
DA:465,0
DA:466,0
DA:467,0
DA:468,0
DA:469,0
DA:472,0
DA:475,0
DA:476,0
DA:479,0
DA:482,0
DA:483,0
DA:486,0
DA:489,0
DA:492,0
DA:494,0
DA:495,0
DA:498,0
DA:499,0
DA:500,0
DA:501,0
DA:502,0
DA:504,0
DA:505,0
DA:506,0
DA:507,0
DA:508,0
DA:511,0
DA:513,0
DA:514,0
DA:515,0
DA:516,0
DA:517,0
DA:518,0
DA:519,0
DA:520,0
DA:521,0
DA:527,0
DA:528,0
DA:530,0
LF:239
LH:1
end_of_record
SF:lib/manager/group/widgets/currency_selector_sheet.dart
DA:8,1
DA:10,0
DA:11,0
DA:21,0
DA:22,0
DA:23,0
DA:24,0
DA:25,0
DA:29,0
DA:30,0
DA:32,0
DA:33,0
DA:34,0
DA:35,0
DA:36,0
DA:39,0
DA:41,0
DA:45,0
DA:46,0
DA:47,0
DA:50,0
DA:51,0
DA:52,0
DA:55,0
DA:56,0
DA:57,0
DA:61,0
DA:62,0
DA:64,0
DA:67,0
DA:69,0
DA:70,0
DA:71,0
DA:74,0
DA:76,0
DA:77,0
DA:78,0
DA:79,0
DA:80,0
DA:81,0
DA:83,0
DA:84,0
DA:86,0
DA:87,0
DA:88,0
DA:89,0
DA:90,0
DA:92,0
DA:93,0
DA:94,0
DA:95,0
DA:96,0
DA:97,0
DA:98,0
DA:99,0
DA:102,0
DA:104,0
DA:105,0
DA:107,0
DA:108,0
DA:110,0
DA:112,0
DA:113,0
DA:114,0
DA:115,0
DA:122,0
DA:125,0
DA:126,0
DA:127,0
DA:128,0
DA:130,0
DA:133,0
DA:134,0
DA:135,0
DA:136,0
DA:137,0
DA:139,0
DA:141,0
DA:142,0
DA:144,0
DA:148,0
DA:149,0
DA:150,0
DA:151,0
DA:152,0
DA:154,0
DA:157,0
DA:159,0
DA:160,0
DA:162,0
DA:164,0
DA:165,0
DA:168,0
DA:169,0
LF:94
LH:1
end_of_record
SF:lib/manager/group/widgets/save_button_bar.dart
DA:10,1
DA:12,0
DA:14,0
DA:15,0
DA:16,0
DA:17,0
DA:18,0
DA:19,0
DA:20,0
DA:22,0
DA:25,0
DA:30,0
DA:33,0
DA:37,0
DA:42,0
DA:43,0
DA:44,0
DA:50,0
DA:52,0
DA:53,0
DA:56,0
DA:58,0
DA:59,0
DA:64,0
DA:67,0
LF:25
LH:1
end_of_record
SF:lib/manager/group/pages/image_crop_page.dart
DA:10,0
DA:16,0
DA:17,0
DA:21,0
DA:22,0
DA:23,0
DA:24,0
DA:25,0
DA:29,0
DA:31,0
DA:32,0
DA:33,0
DA:34,0
DA:35,0
DA:36,0
DA:38,0
DA:39,0
DA:40,0
DA:43,0
DA:44,0
DA:47,0
DA:48,0
DA:49,0
DA:50,0
DA:52,0
DA:54,0
DA:56,0
DA:58,0
DA:60,0
DA:61,0
DA:64,0
DA:65,0
DA:76,0
DA:78,0
DA:79,0
DA:82,0
DA:87,0
DA:88,0
DA:89,0
DA:91,0
DA:92,0
DA:94,0
DA:96,0
DA:97,0
DA:98,0
DA:99,0
DA:102,0
DA:103,0
DA:105,0
DA:106,0
DA:108,0
DA:109,0
DA:110,0
DA:111,0
DA:113,0
DA:114,0
DA:116,0
DA:117,0
DA:121,0
DA:122,0
DA:124,0
DA:125,0
DA:126,0
DA:127,0
DA:128,0
DA:129,0
DA:131,0
DA:132,0
DA:133,0
DA:136,0
DA:138,0
DA:141,0
DA:143,0
DA:144,0
DA:145,0
DA:146,0
DA:148,0
DA:149,0
DA:153,0
DA:154,0
DA:155,0
DA:157,0
DA:158,0
DA:159,0
DA:160,0
DA:162,0
DA:163,0
DA:165,0
DA:167,0
DA:168,0
DA:169,0
DA:170,0
DA:171,0
DA:173,0
DA:176,0
DA:177,0
DA:178,0
DA:179,0
DA:184,0
DA:185,0
DA:186,0
DA:187,0
DA:188,0
DA:192,0
DA:193,0
DA:194,0
DA:195,0
DA:196,0
DA:197,0
DA:198,0
DA:199,0
DA:200,0
DA:202,0
DA:203,0
DA:204,0
DA:205,0
DA:210,0
DA:213,0
DA:214,0
DA:222,0
DA:225,0
DA:226,0
DA:234,0
DA:237,0
DA:238,0
DA:246,0
DA:249,0
DA:250,0
DA:276,0
DA:278,0
DA:280,0
DA:282,0
DA:298,0
DA:300,0
DA:302,0
DA:303,0
DA:304,0
DA:305,0
DA:306,0
DA:307,0
DA:310,0
DA:313,0
DA:314,0
DA:316,0
DA:319,0
DA:320,0
DA:322,0
DA:323,0
DA:324,0
DA:327,0
DA:332,0
DA:338,0
DA:340,0
DA:342,0
DA:344,0
DA:346,0
DA:348,0
DA:349,0
DA:350,0
DA:353,0
LF:160
LH:0
end_of_record
SF:lib/manager/group/widgets/categories_section.dart
DA:13,0
DA:21,0
DA:23,0
DA:24,0
DA:25,0
DA:27,0
DA:28,0
DA:29,0
DA:30,0
DA:31,0
DA:32,0
DA:33,0
DA:34,0
DA:35,0
DA:36,0
DA:37,0
DA:38,0
DA:39,0
LF:18
LH:0
end_of_record
SF:lib/manager/group/widgets/editable_name_list.dart
DA:28,0
DA:49,0
DA:50,0
DA:61,0
DA:63,0
DA:64,0
DA:65,0
DA:66,0
DA:67,0
DA:70,0
DA:71,0
DA:72,0
DA:73,0
DA:74,0
DA:75,0
DA:76,0
DA:81,0
DA:82,0
DA:83,0
DA:86,0
DA:87,0
DA:88,0
DA:90,0
DA:91,0
DA:92,0
DA:93,0
DA:96,0
DA:97,0
DA:98,0
DA:101,0
DA:102,0
DA:103,0
DA:104,0
DA:105,0
DA:106,0
DA:107,0
DA:112,0
DA:113,0
DA:114,0
DA:117,0
DA:118,0
DA:119,0
DA:120,0
DA:121,0
DA:122,0
DA:125,0
DA:126,0
DA:127,0
DA:128,0
DA:130,0
DA:133,0
DA:134,0
DA:136,0
DA:137,0
DA:138,0
DA:139,0
DA:140,0
DA:141,0
DA:146,0
DA:149,0
DA:150,0
DA:152,0
DA:153,0
DA:154,0
DA:155,0
DA:156,0
DA:157,0
DA:162,0
DA:163,0
DA:165,0
DA:166,0
DA:167,0
DA:168,0
DA:169,0
DA:170,0
DA:180,0
DA:181,0
DA:183,0
DA:184,0
DA:185,0
DA:186,0
DA:187,0
DA:188,0
DA:193,0
DA:194,0
DA:195,0
DA:197,0
DA:199,0
DA:202,0
DA:206,0
DA:207,0
DA:209,0
DA:211,0
DA:212,0
DA:214,0
DA:222,0
DA:223,0
DA:225,0
DA:226,0
DA:227,0
DA:228,0
DA:229,0
DA:230,0
DA:235,0
DA:236,0
DA:237,0
DA:239,0
DA:241,0
DA:244,0
DA:248,0
DA:249,0
DA:251,0
DA:253,0
DA:254,0
DA:256,0
DA:264,0
DA:266,0
DA:268,0
DA:269,0
DA:270,0
DA:271,0
DA:272,0
DA:277,0
DA:278,0
DA:279,0
DA:281,0
DA:282,0
DA:284,0
DA:286,0
DA:287,0
DA:288,0
DA:289,0
DA:294,0
DA:295,0
DA:297,0
DA:298,0
DA:301,0
DA:302,0
DA:303,0
DA:304,0
LF:140
LH:0
end_of_record
SF:lib/manager/group/widgets/date_card.dart
DA:10,0
DA:19,0
DA:21,0
DA:22,0
DA:24,0
DA:26,0
DA:28,0
DA:29,0
DA:32,0
DA:34,0
DA:37,0
DA:38,0
DA:39,0
DA:40,0
DA:41,0
DA:47,0
DA:48,0
DA:49,0
DA:51,0
DA:52,0
DA:53,0
DA:54,0
DA:55,0
DA:60,0
DA:63,0
DA:64,0
DA:65,0
DA:66,0
DA:67,0
DA:68,0
DA:72,0
DA:74,0
DA:76,0
DA:77,0
DA:78,0
DA:79,0
DA:88,0
DA:89,0
DA:96,0
DA:98,0
DA:99,0
DA:100,0
LF:42
LH:0
end_of_record
SF:lib/manager/group/widgets/participants_section.dart
DA:13,0
DA:21,0
DA:23,0
DA:24,0
DA:25,0
DA:27,0
DA:28,0
DA:29,0
DA:30,0
DA:31,0
DA:32,0
DA:33,0
DA:34,0
DA:35,0
DA:36,0
DA:37,0
DA:38,0
DA:39,0
LF:18
LH:0
end_of_record
SF:lib/manager/group/widgets/section_period.dart
DA:13,0
DA:22,0
DA:24,0
DA:26,0
DA:27,0
DA:28,0
DA:29,0
DA:30,0
DA:31,0
DA:32,0
DA:34,0
DA:35,0
DA:37,0
DA:38,0
DA:48,0
DA:50,0
DA:51,0
DA:52,0
DA:53,0
DA:54,0
DA:55,0
DA:56,0
DA:58,0
DA:59,0
DA:60,0
DA:61,0
DA:62,0
DA:63,0
DA:67,0
DA:68,0
DA:69,0
DA:70,0
DA:71,0
DA:72,0
DA:78,0
DA:80,0
DA:81,0
DA:82,0
DA:83,0
DA:84,0
DA:85,0
DA:86,0
DA:88,0
DA:89,0
DA:90,0
DA:91,0
DA:92,0
DA:93,0
DA:97,0
DA:98,0
DA:99,0
DA:100,0
DA:101,0
DA:102,0
LF:54
LH:0
end_of_record
SF:lib/manager/history/widgets/expense_group_empty_states.dart
DA:9,0
DA:16,0
DA:19,0
DA:20,0
DA:24,0
DA:26,0
DA:29,0
DA:41,0
DA:42,0
DA:44,0
DA:45,0
DA:46,0
DA:48,0
DA:50,0
DA:53,0
DA:56,0
DA:58,0
DA:62,0
DA:67,0
DA:68,0
DA:69,0
DA:72,0
DA:73,0
DA:74,0
DA:78,0
DA:79,0
DA:80,0
DA:83,0
DA:84,0
DA:85,0
DA:86,0
DA:87,0
DA:88,0
DA:95,0
DA:97,0
DA:98,0
DA:101,0
DA:102,0
DA:103,0
LF:39
LH:0
end_of_record
SF:lib/manager/history/widgets/expense_group_card.dart
DA:10,0
DA:11,0
DA:12,0
DA:14,0
DA:19,0
DA:23,0
DA:25,0
DA:26,0
DA:28,0
DA:32,0
DA:34,0
DA:35,0
DA:44,0
DA:45,0
DA:50,0
DA:52,0
DA:53,0
DA:54,0
DA:55,0
DA:56,0
DA:57,0
DA:60,0
DA:61,0
DA:62,0
DA:70,0
DA:74,0
DA:81,0
DA:88,0
DA:90,0
DA:92,0
DA:96,0
DA:98,0
DA:100,0
DA:101,0
DA:102,0
DA:103,0
DA:104,0
DA:107,0
DA:108,0
DA:109,0
DA:110,0
DA:111,0
DA:113,0
DA:118,0
DA:119,0
DA:120,0
DA:121,0
DA:125,0
DA:127,0
DA:128,0
DA:129,0
DA:131,0
DA:133,0
DA:138,0
DA:139,0
DA:141,0
DA:142,0
DA:143,0
DA:144,0
DA:148,0
DA:154,0
DA:156,0
DA:157,0
DA:159,0
DA:164,0
DA:177,0
DA:178,0
DA:179,0
DA:181,0
DA:182,0
DA:184,0
DA:186,0
DA:192,0
DA:193,0
DA:195,0
DA:196,0
DA:197,0
DA:198,0
DA:201,0
DA:202,0
DA:205,0
DA:206,0
DA:208,0
DA:209,0
DA:210,0
DA:215,0
DA:216,0
DA:217,0
DA:218,0
DA:224,0
DA:225,0
DA:226,0
DA:230,0
DA:233,0
DA:234,0
DA:240,0
DA:241,0
DA:242,0
DA:243,0
DA:246,0
DA:249,0
DA:250,0
DA:251,0
DA:252,0
DA:253,0
DA:254,0
DA:255,0
DA:257,0
LF:108
LH:0
end_of_record
SF:lib/settings/auto_backup_notifier.dart
DA:9,2
DA:11,1
DA:12,1
DA:15,1
DA:16,1
DA:17,2
DA:21,1
DA:22,2
DA:24,0
DA:25,0
DA:31,1
DA:34,1
DA:37,1
DA:40,1
DA:41,1
DA:42,1
DA:46,1
DA:53,1
LF:18
LH:16
end_of_record
SF:lib/settings/backup_service.dart
DA:15,1
DA:17,2
DA:18,1
DA:19,0
DA:20,0
DA:30,1
DA:32,2
DA:35,1
DA:40,0
DA:42,0
DA:55,1
DA:57,2
DA:58,1
LF:13
LH:9
end_of_record
SF:lib/settings/flag_secure_notifier.dart
DA:8,0
DA:10,0
DA:11,0
DA:14,0
DA:15,0
DA:16,0
DA:17,0
DA:20,0
DA:21,0
DA:22,0
DA:23,0
DA:24,0
LF:12
LH:0
end_of_record
SF:lib/settings/pages/data_backup_page.dart
DA:17,1
DA:19,0
DA:21,0
DA:22,0
DA:23,0
DA:24,0
DA:25,0
DA:26,0
DA:27,0
DA:28,0
DA:29,0
DA:32,0
DA:33,0
DA:37,0
DA:39,0
DA:41,0
DA:42,0
DA:43,0
DA:46,0
DA:48,0
DA:50,0
DA:51,0
DA:52,0
DA:54,0
DA:55,0
DA:56,0
DA:58,0
DA:59,0
DA:60,0
DA:61,0
DA:62,0
DA:64,0
DA:65,0
DA:66,0
DA:68,0
DA:69,0
DA:70,0
DA:72,0
DA:73,0
DA:74,0
DA:75,0
DA:76,0
DA:78,0
DA:79,0
DA:80,0
DA:81,0
DA:96,0
DA:97,0
DA:98,0
DA:101,0
DA:103,0
DA:104,0
DA:105,0
DA:107,0
DA:108,0
DA:109,0
DA:111,0
DA:114,0
DA:115,0
DA:117,0
DA:118,0
DA:127,0
DA:129,0
DA:130,0
DA:131,0
DA:133,0
DA:136,0
DA:137,0
DA:138,0
DA:140,0
DA:142,0
DA:143,0
DA:160,0
DA:165,0
DA:166,0
DA:168,0
DA:169,0
DA:170,0
DA:174,0
DA:175,0
DA:176,0
DA:177,0
DA:181,0
DA:182,0
DA:184,0
DA:185,0
DA:188,0
DA:189,0
DA:190,0
DA:192,0
DA:195,0
DA:196,0
DA:197,0
DA:199,0
DA:201,0
DA:202,0
DA:203,0
DA:205,0
DA:207,0
DA:208,0
DA:210,0
DA:216,0
DA:220,0
DA:222,0
DA:224,0
DA:225,0
DA:226,0
DA:227,0
DA:228,0
DA:230,0
DA:231,0
DA:233,0
DA:236,0
DA:237,0
DA:238,0
DA:239,0
DA:240,0
DA:242,0
DA:243,0
DA:248,0
DA:250,0
DA:251,0
DA:252,0
DA:254,0
DA:255,0
DA:256,0
DA:258,0
DA:259,0
DA:260,0
DA:266,0
DA:268,0
DA:269,0
DA:271,0
DA:273,0
DA:274,0
DA:275,0
DA:277,0
DA:278,0
DA:280,0
LF:139
LH:1
end_of_record
SF:lib/settings/pages/developer_page.dart
DA:9,1
DA:11,0
DA:12,0
DA:13,0
DA:14,0
DA:17,0
DA:19,0
DA:20,0
DA:22,0
DA:23,0
DA:25,0
DA:26,0
DA:31,0
DA:32,0
DA:33,0
DA:34,0
DA:36,0
DA:37,0
DA:38,0
DA:39,0
DA:40,0
DA:42,0
DA:47,0
DA:48,0
DA:49,0
DA:50,0
DA:52,0
DA:53,0
DA:54,0
DA:55,0
DA:56,0
DA:58,0
DA:63,0
DA:64,0
DA:65,0
DA:66,0
DA:68,0
DA:69,0
DA:70,0
DA:71,0
DA:72,0
DA:74,0
DA:75,0
DA:80,0
DA:81,0
DA:82,0
DA:83,0
DA:85,0
DA:86,0
DA:87,0
DA:88,0
DA:89,0
DA:91,0
DA:99,0
DA:101,0
DA:102,0
DA:103,0
DA:104,0
DA:105,0
DA:108,0
DA:109,0
DA:113,0
DA:115,0
DA:116,0
DA:117,0
DA:118,0
DA:119,0
DA:120,0
DA:121,0
DA:125,0
DA:126,0
DA:127,0
DA:128,0
DA:129,0
DA:130,0
DA:133,0
DA:134,0
DA:135,0
DA:136,0
DA:143,0
DA:144,0
DA:146,0
DA:148,0
DA:149,0
DA:151,0
DA:154,0
LF:86
LH:1
end_of_record
SF:lib/settings/widgets/settings_card.dart
DA:12,0
DA:23,0
DA:25,0
DA:26,0
DA:28,0
DA:29,0
DA:30,0
DA:31,0
DA:32,0
DA:33,0
DA:34,0
DA:35,0
DA:36,0
DA:37,0
LF:14
LH:0
end_of_record
SF:lib/settings/widgets/settings_section.dart
DA:11,0
DA:20,0
DA:22,0
DA:24,0
DA:25,0
DA:26,0
DA:27,0
DA:28,0
DA:30,0
DA:32,0
DA:34,0
LF:11
LH:0
end_of_record
SF:lib/settings/pages/whats_new_page.dart
DA:7,1
DA:9,0
DA:10,0
DA:18,0
DA:20,0
DA:24,0
DA:26,0
DA:27,0
DA:28,0
DA:32,0
DA:35,0
DA:36,0
DA:39,0
DA:43,0
DA:46,0
DA:49,0
DA:50,0
DA:51,0
DA:52,0
DA:56,0
DA:57,0
DA:58,0
DA:59,0
DA:65,0
DA:67,0
DA:69,0
DA:70,0
DA:71,0
DA:72,0
DA:73,0
DA:76,0
DA:80,0
DA:81,0
DA:85,0
DA:86,0
DA:87,0
DA:89,0
DA:90,0
DA:93,0
DA:96,0
DA:98,0
DA:101,0
DA:102,0
DA:103,0
DA:111,0
DA:112,0
DA:113,0
DA:114,0
DA:115,0
DA:118,0
DA:119,0
DA:122,0
DA:123,0
DA:126,0
DA:127,0
DA:131,0
DA:133,0
DA:135,0
DA:136,0
DA:137,0
DA:139,0
LF:61
LH:1
end_of_record
SF:lib/data/storage_benchmark.dart
DA:22,1
DA:32,1
DA:41,1
DA:42,0
DA:43,1
DA:44,1
DA:45,1
DA:46,0
DA:47,1
DA:49,1
DA:61,1
DA:68,1
DA:69,1
DA:70,3
DA:71,3
DA:72,4
DA:75,5
DA:76,5
DA:78,1
DA:79,2
DA:80,3
DA:81,3
DA:84,1
DA:85,2
DA:86,3
DA:87,4
DA:90,1
DA:91,2
DA:92,3
DA:93,4
DA:96,1
DA:97,3
DA:99,1
DA:100,5
DA:101,4
DA:102,2
DA:103,1
DA:106,1
DA:107,1
DA:108,1
DA:109,2
DA:110,2
DA:111,2
DA:112,2
DA:113,2
DA:114,2
DA:115,2
DA:116,1
DA:117,1
DA:118,2
DA:119,2
DA:120,2
DA:121,2
DA:122,2
DA:124,1
DA:128,1
DA:130,4
DA:131,2
DA:132,2
DA:133,2
DA:134,2
DA:143,1
DA:146,1
DA:149,1
DA:151,1
DA:152,1
DA:154,1
DA:157,2
DA:158,1
DA:159,2
DA:160,1
DA:164,1
DA:165,3
DA:168,2
DA:171,2
DA:174,2
DA:177,2
DA:180,2
DA:183,2
DA:186,2
DA:192,1
DA:193,1
DA:195,3
DA:196,1
DA:197,1
DA:198,3
DA:201,1
DA:202,1
DA:203,3
DA:206,3
DA:207,1
DA:208,4
DA:209,4
DA:210,4
DA:211,5
DA:212,1
DA:216,1
DA:217,1
DA:218,1
DA:219,1
DA:220,4
DA:224,3
DA:225,1
DA:226,3
DA:235,1
DA:239,1
DA:241,3
DA:243,2
DA:244,3
DA:247,2
DA:249,2
DA:250,2
DA:251,1
DA:252,0
DA:256,1
DA:257,2
DA:260,1
DA:264,2
DA:269,1
DA:272,1
DA:274,3
DA:276,1
DA:277,2
DA:278,2
DA:281,2
DA:283,2
DA:284,1
DA:285,0
DA:288,1
DA:289,2
DA:292,1
DA:300,1
DA:304,1
DA:306,3
DA:307,2
DA:309,2
DA:310,3
DA:311,1
DA:312,0
DA:316,1
DA:317,2
DA:320,1
DA:324,2
DA:329,1
DA:332,1
DA:334,3
DA:335,2
DA:337,2
DA:338,2
DA:339,2
DA:341,1
DA:342,2
DA:345,1
DA:353,1
DA:357,1
DA:358,5
DA:360,3
DA:361,2
DA:363,2
DA:364,2
DA:365,2
DA:368,1
DA:369,2
DA:372,1
DA:376,3
DA:381,1
DA:384,1
DA:386,3
DA:387,2
DA:390,2
DA:391,1
DA:392,0
DA:393,0
DA:397,1
DA:398,2
DA:401,1
DA:409,1
DA:413,1
DA:414,2
DA:416,3
DA:417,2
DA:420,3
DA:421,2
DA:422,4
DA:424,3
DA:425,2
DA:426,3
DA:430,1
DA:431,2
DA:434,1
DA:438,3
DA:443,1
DA:444,1
DA:446,2
DA:447,1
DA:448,3
DA:449,4
DA:450,4
DA:451,4
DA:452,4
DA:453,4
DA:454,4
DA:455,4
DA:456,4
DA:458,2
DA:459,3
DA:463,1
DA:464,1
DA:465,2
DA:467,1
DA:468,1
DA:474,4
DA:475,4
DA:478,1
DA:479,2
DA:483,1
DA:484,4
DA:486,1
DA:487,4
DA:491,1
DA:492,4
DA:494,1
DA:495,4
LF:223
LH:216
end_of_record
SF:lib/data/storage_transaction.dart
DA:13,2
DA:14,2
DA:15,6
DA:19,1
DA:20,1
DA:21,3
DA:25,2
DA:26,2
DA:27,6
DA:31,0
DA:32,0
DA:33,0
DA:37,2
DA:38,2
DA:39,6
DA:43,0
DA:44,0
DA:45,0
DA:49,1
DA:50,1
DA:51,3
DA:54,2
DA:55,2
DA:56,1
DA:61,3
DA:64,6
DA:67,4
DA:70,2
DA:71,2
DA:75,1
DA:76,1
DA:79,6
DA:96,2
DA:98,2
DA:107,0
DA:108,0
DA:114,1
DA:116,1
DA:121,5
DA:123,1
DA:124,2
DA:130,0
DA:131,0
DA:137,2
DA:139,2
DA:144,10
DA:145,4
DA:147,1
DA:148,2
DA:152,2
DA:153,1
DA:154,1
DA:161,0
DA:162,0
DA:168,0
DA:170,0
DA:175,0
DA:177,0
DA:178,0
DA:184,0
DA:185,0
DA:191,2
DA:193,2
DA:198,10
DA:200,0
DA:201,0
DA:207,0
DA:208,0
DA:214,0
DA:216,0
DA:221,0
DA:223,0
DA:224,0
DA:230,0
DA:231,0
DA:237,1
DA:239,1
DA:244,6
DA:246,1
DA:247,3
DA:253,0
DA:254,0
DA:261,2
DA:264,2
DA:265,2
DA:266,1
DA:267,1
DA:271,2
DA:272,1
DA:278,4
DA:279,2
DA:280,0
DA:283,4
DA:286,4
DA:287,2
DA:288,2
DA:291,2
DA:297,4
DA:298,2
DA:302,2
DA:305,2
DA:308,2
DA:309,2
DA:313,2
DA:314,2
DA:318,2
DA:321,0
DA:322,0
DA:324,0
DA:325,0
DA:332,2
DA:336,2
DA:338,2
DA:339,12
DA:340,4
DA:341,4
DA:343,2
DA:345,2
DA:346,5
DA:347,2
DA:349,6
DA:350,8
DA:351,6
DA:352,4
DA:353,3
DA:356,2
DA:357,0
DA:358,0
DA:359,0
DA:361,2
DA:362,10
DA:363,4
DA:364,6
DA:369,1
DA:370,0
DA:371,0
DA:372,0
DA:374,1
DA:375,6
DA:376,2
DA:378,2
DA:379,3
DA:389,2
DA:392,4
DA:394,2
DA:395,2
DA:398,0
DA:399,0
DA:400,0
DA:407,2
DA:409,2
DA:410,4
DA:411,4
DA:414,2
DA:416,2
DA:419,2
DA:429,2
DA:432,2
DA:433,2
DA:435,2
DA:436,2
LF:161
LH:115
end_of_record
